<?xml version="1.0" encoding="UTF-8"?>
<coverage generated="1654199679480" clover="3.2.0">
  <project timestamp="1654199679480" name="All files">
    <metrics statements="224" coveredstatements="198" conditionals="96" coveredconditionals="78" methods="69" coveredmethods="55" elements="389" coveredelements="331" complexity="0" loc="224" ncloc="224" packages="3" files="16" classes="16"/>
    <package name="constants">
      <metrics statements="8" coveredstatements="8" conditionals="5" coveredconditionals="5" methods="1" coveredmethods="1"/>
      <file name="routes.js" path="/Users/dev/p9-OCR/YixuanWANG_P9_11052022_Billed_App/src/constants/routes.js">
        <metrics statements="8" coveredstatements="8" conditionals="5" coveredconditionals="5" methods="1" coveredmethods="1"/>
        <line num="6" count="7" type="stmt"/>
        <line num="13" count="7" type="stmt"/>
        <line num="14" count="44" type="cond" truecount="5" falsecount="0"/>
        <line num="16" count="11" type="stmt"/>
        <line num="18" count="14" type="stmt"/>
        <line num="20" count="5" type="stmt"/>
        <line num="22" count="12" type="stmt"/>
        <line num="24" count="2" type="stmt"/>
      </file>
      <file name="usersTest.js" path="/Users/dev/p9-OCR/YixuanWANG_P9_11052022_Billed_App/src/constants/usersTest.js">
        <metrics statements="0" coveredstatements="0" conditionals="0" coveredconditionals="0" methods="0" coveredmethods="0"/>
      </file>
    </package>
    <package name="containers">
      <metrics statements="187" coveredstatements="161" conditionals="57" coveredconditionals="39" methods="53" coveredmethods="39"/>
      <file name="Bills.js" path="/Users/dev/p9-OCR/YixuanWANG_P9_11052022_Billed_App/src/containers/Bills.js">
        <metrics statements="27" coveredstatements="25" conditionals="6" coveredconditionals="4" methods="8" coveredmethods="8"/>
        <line num="7" count="11" type="stmt"/>
        <line num="8" count="11" type="stmt"/>
        <line num="9" count="11" type="stmt"/>
        <line num="10" count="11" type="stmt"/>
        <line num="13" count="11" type="cond" truecount="2" falsecount="0"/>
        <line num="14" count="4" type="stmt"/>
        <line num="15" count="11" type="stmt"/>
        <line num="16" count="11" type="cond" truecount="1" falsecount="1"/>
        <line num="17" count="11" type="stmt"/>
        <line num="18" count="16" type="stmt"/>
        <line num="20" count="11" type="stmt"/>
        <line num="23" count="11" type="stmt"/>
        <line num="24" count="1" type="stmt"/>
        <line num="27" count="11" type="stmt"/>
        <line num="28" count="8" type="stmt"/>
        <line num="29" count="8" type="stmt"/>
        <line num="30" count="8" type="stmt"/>
        <line num="35" count="8" type="stmt"/>
        <line num="38" count="11" type="stmt"/>
        <line num="39" count="6" type="cond" truecount="1" falsecount="1"/>
        <line num="40" count="6" type="stmt"/>
        <line num="44" count="3" type="stmt"/>
        <line num="45" count="12" type="stmt"/>
        <line num="46" count="12" type="stmt"/>
        <line num="54" count="0" type="stmt"/>
        <line num="55" count="0" type="stmt"/>
        <line num="64" count="3" type="stmt"/>
      </file>
      <file name="Dashboard.js" path="/Users/dev/p9-OCR/YixuanWANG_P9_11052022_Billed_App/src/containers/Dashboard.js">
        <metrics statements="74" coveredstatements="65" conditionals="43" coveredconditionals="32" methods="24" coveredmethods="19"/>
        <line num="8" count="7" type="stmt"/>
        <line num="9" count="40" type="stmt"/>
        <line num="10" count="40" type="cond" truecount="4" falsecount="0"/>
        <line num="15" count="88" type="cond" truecount="1" falsecount="1"/>
        <line num="16" count="88" type="stmt"/>
        <line num="21" count="0" type="stmt"/>
        <line num="26" count="88" type="stmt"/>
        <line num="31" count="7" type="stmt"/>
        <line num="32" count="5" type="stmt"/>
        <line num="33" count="5" type="cond" truecount="1" falsecount="1"/>
        <line num="36" count="5" type="cond" truecount="1" falsecount="1"/>
        <line num="40" count="5" type="stmt"/>
        <line num="60" count="7" type="stmt"/>
        <line num="61" count="5" type="cond" truecount="4" falsecount="0"/>
        <line num="64" count="7" type="stmt"/>
        <line num="65" count="4" type="cond" truecount="3" falsecount="0"/>
        <line num="67" count="2" type="stmt"/>
        <line num="69" count="1" type="stmt"/>
        <line num="71" count="1" type="stmt"/>
        <line num="77" count="13" type="stmt"/>
        <line num="78" count="13" type="stmt"/>
        <line num="79" count="13" type="stmt"/>
        <line num="80" count="13" type="stmt"/>
        <line num="81" count="13" type="stmt"/>
        <line num="82" count="13" type="stmt"/>
        <line num="83" count="13" type="stmt"/>
        <line num="86" count="13" type="stmt"/>
        <line num="87" count="1" type="stmt"/>
        <line num="88" count="1" type="stmt"/>
        <line num="89" count="1" type="stmt"/>
        <line num="94" count="1" type="cond" truecount="1" falsecount="1"/>
        <line num="95" count="0" type="stmt"/>
        <line num="99" count="2" type="cond" truecount="4" falsecount="0"/>
        <line num="100" count="2" type="cond" truecount="4" falsecount="0"/>
        <line num="101" count="2" type="cond" truecount="1" falsecount="1"/>
        <line num="102" count="2" type="stmt"/>
        <line num="103" count="8" type="stmt"/>
        <line num="105" count="2" type="stmt"/>
        <line num="106" count="2" type="stmt"/>
        <line num="107" count="2" type="stmt"/>
        <line num="110" count="0" type="stmt"/>
        <line num="112" count="0" type="stmt"/>
        <line num="115" count="0" type="stmt"/>
        <line num="116" count="0" type="stmt"/>
        <line num="118" count="2" type="stmt"/>
        <line num="119" count="2" type="stmt"/>
        <line num="120" count="2" type="stmt"/>
        <line num="123" count="13" type="stmt"/>
        <line num="124" count="1" type="stmt"/>
        <line num="129" count="1" type="stmt"/>
        <line num="130" count="1" type="stmt"/>
        <line num="133" count="13" type="stmt"/>
        <line num="134" count="1" type="stmt"/>
        <line num="139" count="1" type="stmt"/>
        <line num="140" count="1" type="stmt"/>
        <line num="144" count="4" type="cond" truecount="3" falsecount="1"/>
        <line num="145" count="4" type="cond" truecount="3" falsecount="1"/>
        <line num="146" count="4" type="cond" truecount="1" falsecount="1"/>
        <line num="147" count="4" type="stmt"/>
        <line num="148" count="4" type="stmt"/>
        <line num="151" count="4" type="stmt"/>
        <line num="153" count="0" type="stmt"/>
        <line num="154" count="0" type="stmt"/>
        <line num="155" count="0" type="stmt"/>
        <line num="158" count="4" type="stmt"/>
        <line num="159" count="16" type="stmt"/>
        <line num="160" count="1" type="stmt"/>
        <line num="164" count="4" type="stmt"/>
        <line num="167" count="13" type="stmt"/>
        <line num="168" count="5" type="cond" truecount="1" falsecount="1"/>
        <line num="169" count="5" type="stmt"/>
        <line num="173" count="12" type="stmt"/>
        <line num="179" count="3" type="stmt"/>
        <line num="182" count="2" type="stmt"/>
      </file>
      <file name="Login.js" path="/Users/dev/p9-OCR/YixuanWANG_P9_11052022_Billed_App/src/containers/Login.js">
        <metrics statements="41" coveredstatements="30" conditionals="4" coveredconditionals="0" methods="11" coveredmethods="5"/>
        <line num="2" count="5" type="stmt"/>
        <line num="13" count="5" type="stmt"/>
        <line num="14" count="5" type="stmt"/>
        <line num="15" count="5" type="stmt"/>
        <line num="16" count="5" type="stmt"/>
        <line num="17" count="5" type="stmt"/>
        <line num="18" count="5" type="stmt"/>
        <line num="21" count="5" type="stmt"/>
        <line num="22" count="5" type="stmt"/>
        <line num="25" count="5" type="stmt"/>
        <line num="27" count="5" type="stmt"/>
        <line num="28" count="2" type="stmt"/>
        <line num="29" count="2" type="stmt"/>
        <line num="38" count="2" type="stmt"/>
        <line num="39" count="2" type="stmt"/>
        <line num="40" count="0" type="stmt"/>
        <line num="42" count="2" type="stmt"/>
        <line num="43" count="2" type="stmt"/>
        <line num="44" count="2" type="stmt"/>
        <line num="45" count="2" type="stmt"/>
        <line num="49" count="5" type="stmt"/>
        <line num="50" count="2" type="stmt"/>
        <line num="51" count="2" type="stmt"/>
        <line num="60" count="2" type="stmt"/>
        <line num="61" count="2" type="stmt"/>
        <line num="62" count="0" type="stmt"/>
        <line num="64" count="2" type="stmt"/>
        <line num="65" count="2" type="stmt"/>
        <line num="66" count="2" type="stmt"/>
        <line num="67" count="2" type="stmt"/>
        <line num="72" count="5" type="stmt"/>
        <line num="73" count="0" type="cond" truecount="0" falsecount="2"/>
        <line num="74" count="0" type="stmt"/>
        <line num="82" count="0" type="stmt"/>
        <line num="85" count="0" type="stmt"/>
        <line num="90" count="5" type="stmt"/>
        <line num="91" count="0" type="cond" truecount="0" falsecount="2"/>
        <line num="92" count="0" type="stmt"/>
        <line num="103" count="0" type="stmt"/>
        <line num="104" count="0" type="stmt"/>
        <line num="107" count="0" type="stmt"/>
      </file>
      <file name="Logout.js" path="/Users/dev/p9-OCR/YixuanWANG_P9_11052022_Billed_App/src/containers/Logout.js">
        <metrics statements="7" coveredstatements="7" conditionals="0" coveredconditionals="0" methods="2" coveredmethods="2"/>
        <line num="5" count="30" type="stmt"/>
        <line num="6" count="30" type="stmt"/>
        <line num="7" count="30" type="stmt"/>
        <line num="8" count="30" type="stmt"/>
        <line num="11" count="30" type="stmt"/>
        <line num="12" count="2" type="stmt"/>
        <line num="13" count="2" type="stmt"/>
      </file>
      <file name="NewBill.js" path="/Users/dev/p9-OCR/YixuanWANG_P9_11052022_Billed_App/src/containers/NewBill.js">
        <metrics statements="38" coveredstatements="34" conditionals="4" coveredconditionals="3" methods="8" coveredmethods="5"/>
        <line num="6" count="5" type="stmt"/>
        <line num="7" count="5" type="stmt"/>
        <line num="8" count="5" type="stmt"/>
        <line num="9" count="5" type="stmt"/>
        <line num="10" count="5" type="stmt"/>
        <line num="11" count="5" type="stmt"/>
        <line num="12" count="5" type="stmt"/>
        <line num="13" count="5" type="stmt"/>
        <line num="14" count="5" type="stmt"/>
        <line num="15" count="5" type="stmt"/>
        <line num="16" count="5" type="stmt"/>
        <line num="18" count="5" type="stmt"/>
        <line num="19" count="2" type="stmt"/>
        <line num="20" count="2" type="stmt"/>
        <line num="21" count="2" type="stmt"/>
        <line num="22" count="2" type="stmt"/>
        <line num="23" count="2" type="stmt"/>
        <line num="24" count="2" type="stmt"/>
        <line num="25" count="2" type="stmt"/>
        <line num="26" count="2" type="stmt"/>
        <line num="28" count="2" type="stmt"/>
        <line num="37" count="2" type="stmt"/>
        <line num="38" count="2" type="stmt"/>
        <line num="39" count="2" type="stmt"/>
        <line num="40" count="2" type="stmt"/>
        <line num="41" count="0" type="stmt"/>
        <line num="43" count="5" type="stmt"/>
        <line num="44" count="2" type="stmt"/>
        <line num="45" count="2" type="stmt"/>
        <line num="46" count="2" type="stmt"/>
        <line num="47" count="2" type="stmt"/>
        <line num="60" count="2" type="stmt"/>
        <line num="61" count="2" type="stmt"/>
        <line num="65" count="5" type="stmt"/>
        <line num="66" count="2" type="cond" truecount="1" falsecount="1"/>
        <line num="67" count="0" type="stmt"/>
        <line num="71" count="0" type="stmt"/>
        <line num="73" count="0" type="stmt"/>
      </file>
    </package>
    <package name="views">
      <metrics statements="29" coveredstatements="29" conditionals="34" coveredconditionals="34" methods="15" coveredmethods="15"/>
      <file name="Actions.js" path="/Users/dev/p9-OCR/YixuanWANG_P9_11052022_Billed_App/src/views/Actions.js">
        <metrics statements="1" coveredstatements="1" conditionals="0" coveredconditionals="0" methods="1" coveredmethods="1"/>
        <line num="5" count="22" type="stmt"/>
      </file>
      <file name="BillsUI.js" path="/Users/dev/p9-OCR/YixuanWANG_P9_11052022_Billed_App/src/views/BillsUI.js">
        <metrics statements="11" coveredstatements="11" conditionals="12" coveredconditionals="12" methods="6" coveredmethods="6"/>
        <line num="7" count="8" type="stmt"/>
        <line num="9" count="20" type="stmt"/>
        <line num="22" count="8" type="stmt"/>
        <line num="23" count="20" type="cond" truecount="4" falsecount="0"/>
        <line num="28" count="30" type="cond" truecount="4" falsecount="0"/>
        <line num="53" count="24" type="stmt"/>
        <line num="70" count="24" type="cond" truecount="2" falsecount="0"/>
        <line num="71" count="7" type="stmt"/>
        <line num="72" count="17" type="cond" truecount="2" falsecount="0"/>
        <line num="73" count="6" type="stmt"/>
        <line num="76" count="11" type="stmt"/>
      </file>
      <file name="DashboardFormUI.js" path="/Users/dev/p9-OCR/YixuanWANG_P9_11052022_Billed_App/src/views/DashboardFormUI.js">
        <metrics statements="2" coveredstatements="2" conditionals="4" coveredconditionals="4" methods="2" coveredmethods="2"/>
        <line num="7" count="9" type="stmt"/>
        <line num="26" count="9" type="stmt"/>
      </file>
      <file name="DashboardUI.js" path="/Users/dev/p9-OCR/YixuanWANG_P9_11052022_Billed_App/src/views/DashboardUI.js">
        <metrics statements="5" coveredstatements="5" conditionals="10" coveredconditionals="10" methods="1" coveredmethods="1"/>
        <line num="10" count="20" type="cond" truecount="2" falsecount="0"/>
        <line num="11" count="6" type="stmt"/>
        <line num="12" count="14" type="cond" truecount="2" falsecount="0"/>
        <line num="13" count="3" type="stmt"/>
        <line num="16" count="11" type="stmt"/>
      </file>
      <file name="ErrorPage.js" path="/Users/dev/p9-OCR/YixuanWANG_P9_11052022_Billed_App/src/views/ErrorPage.js">
        <metrics statements="1" coveredstatements="1" conditionals="2" coveredconditionals="2" methods="1" coveredmethods="1"/>
        <line num="4" count="12" type="stmt"/>
      </file>
      <file name="LoadingPage.js" path="/Users/dev/p9-OCR/YixuanWANG_P9_11052022_Billed_App/src/views/LoadingPage.js">
        <metrics statements="1" coveredstatements="1" conditionals="0" coveredconditionals="0" methods="1" coveredmethods="1"/>
        <line num="5" count="14" type="stmt"/>
      </file>
      <file name="LoginUI.js" path="/Users/dev/p9-OCR/YixuanWANG_P9_11052022_Billed_App/src/views/LoginUI.js">
        <metrics statements="1" coveredstatements="1" conditionals="0" coveredconditionals="0" methods="1" coveredmethods="1"/>
        <line num="4" count="19" type="stmt"/>
      </file>
      <file name="NewBillUI.js" path="/Users/dev/p9-OCR/YixuanWANG_P9_11052022_Billed_App/src/views/NewBillUI.js">
        <metrics statements="1" coveredstatements="1" conditionals="0" coveredconditionals="0" methods="1" coveredmethods="1"/>
        <line num="5" count="7" type="stmt"/>
      </file>
      <file name="VerticalLayout.js" path="/Users/dev/p9-OCR/YixuanWANG_P9_11052022_Billed_App/src/views/VerticalLayout.js">
        <metrics statements="6" coveredstatements="6" conditionals="6" coveredconditionals="6" methods="1" coveredmethods="1"/>
        <line num="7" count="57" type="stmt"/>
        <line num="8" count="57" type="cond" truecount="2" falsecount="0"/>
        <line num="9" count="41" type="stmt"/>
        <line num="11" count="57" type="cond" truecount="4" falsecount="0"/>
        <line num="12" count="28" type="stmt"/>
        <line num="29" count="29" type="stmt"/>
      </file>
    </package>
  </project>
</coverage>
