{"/Users/dev/p9-OCR/YixuanWANG_P9_11052022_Billed_App/src/constants/routes.js": {"path":"/Users/dev/p9-OCR/YixuanWANG_P9_11052022_Billed_App/src/constants/routes.js","statementMap":{"0":{"start":{"line":6,"column":27},"end":{"line":11,"column":1}},"1":{"start":{"line":13,"column":22},"end":{"line":26,"column":1}},"2":{"start":{"line":14,"column":2},"end":{"line":25,"column":3}},"3":{"start":{"line":16,"column":6},"end":{"line":16,"column":46}},"4":{"start":{"line":18,"column":6},"end":{"line":18,"column":46}},"5":{"start":{"line":20,"column":6},"end":{"line":20,"column":24}},"6":{"start":{"line":22,"column":6},"end":{"line":22,"column":50}},"7":{"start":{"line":24,"column":6},"end":{"line":24,"column":46}}},"fnMap":{"0":{"name":"(anonymous_0)","decl":{"start":{"line":13,"column":22},"end":{"line":13,"column":23}},"loc":{"start":{"line":13,"column":62},"end":{"line":26,"column":1}},"line":13}},"branchMap":{"0":{"loc":{"start":{"line":14,"column":2},"end":{"line":25,"column":3}},"type":"switch","locations":[{"start":{"line":15,"column":4},"end":{"line":16,"column":46}},{"start":{"line":17,"column":4},"end":{"line":18,"column":46}},{"start":{"line":19,"column":4},"end":{"line":20,"column":24}},{"start":{"line":21,"column":4},"end":{"line":22,"column":50}},{"start":{"line":23,"column":4},"end":{"line":24,"column":46}}],"line":14}},"s":{"0":7,"1":7,"2":44,"3":11,"4":14,"5":5,"6":12,"7":2},"f":{"0":44},"b":{"0":[11,14,5,12,2]},"_coverageSchema":"1a1c01bbd47fc00a2c39e90264f33305004495a9","hash":"35b035bf8f6a168e1f597e5f78eccb355ff1b701"}
,"/Users/dev/p9-OCR/YixuanWANG_P9_11052022_Billed_App/src/constants/usersTest.js": {"path":"/Users/dev/p9-OCR/YixuanWANG_P9_11052022_Billed_App/src/constants/usersTest.js","statementMap":{},"fnMap":{},"branchMap":{},"s":{},"f":{},"b":{},"_coverageSchema":"1a1c01bbd47fc00a2c39e90264f33305004495a9","hash":"08d40b13823b716241aa9e05da0f991417e4cf8a"}
,"/Users/dev/p9-OCR/YixuanWANG_P9_11052022_Billed_App/src/containers/Bills.js": {"path":"/Users/dev/p9-OCR/YixuanWANG_P9_11052022_Billed_App/src/containers/Bills.js","statementMap":{"0":{"start":{"line":7,"column":4},"end":{"line":7,"column":29}},"1":{"start":{"line":8,"column":4},"end":{"line":8,"column":33}},"2":{"start":{"line":9,"column":4},"end":{"line":9,"column":23}},"3":{"start":{"line":10,"column":26},"end":{"line":12,"column":5}},"4":{"start":{"line":13,"column":4},"end":{"line":14,"column":71}},"5":{"start":{"line":14,"column":6},"end":{"line":14,"column":71}},"6":{"start":{"line":15,"column":20},"end":{"line":15,"column":76}},"7":{"start":{"line":16,"column":4},"end":{"line":19,"column":9}},"8":{"start":{"line":17,"column":6},"end":{"line":19,"column":9}},"9":{"start":{"line":18,"column":8},"end":{"line":18,"column":76}},"10":{"start":{"line":18,"column":45},"end":{"line":18,"column":74}},"11":{"start":{"line":20,"column":4},"end":{"line":20,"column":55}},"12":{"start":{"line":23,"column":23},"end":{"line":25,"column":3}},"13":{"start":{"line":24,"column":4},"end":{"line":24,"column":44}},"14":{"start":{"line":27,"column":23},"end":{"line":36,"column":3}},"15":{"start":{"line":28,"column":20},"end":{"line":28,"column":54}},"16":{"start":{"line":29,"column":21},"end":{"line":29,"column":63}},"17":{"start":{"line":30,"column":4},"end":{"line":34,"column":8}},"18":{"start":{"line":35,"column":4},"end":{"line":35,"column":35}},"19":{"start":{"line":38,"column":13},"end":{"line":67,"column":3}},"20":{"start":{"line":39,"column":4},"end":{"line":66,"column":5}},"21":{"start":{"line":40,"column":6},"end":{"line":65,"column":11}},"22":{"start":{"line":44,"column":24},"end":{"line":61,"column":12}},"23":{"start":{"line":45,"column":12},"end":{"line":60,"column":13}},"24":{"start":{"line":46,"column":14},"end":{"line":50,"column":16}},"25":{"start":{"line":54,"column":14},"end":{"line":54,"column":41}},"26":{"start":{"line":55,"column":14},"end":{"line":59,"column":16}},"27":{"start":{"line":64,"column":10},"end":{"line":64,"column":23}}},"fnMap":{"0":{"name":"(anonymous_0)","decl":{"start":{"line":6,"column":2},"end":{"line":6,"column":3}},"loc":{"start":{"line":6,"column":61},"end":{"line":21,"column":3}},"line":6},"1":{"name":"(anonymous_1)","decl":{"start":{"line":17,"column":22},"end":{"line":17,"column":23}},"loc":{"start":{"line":17,"column":32},"end":{"line":19,"column":7}},"line":17},"2":{"name":"(anonymous_2)","decl":{"start":{"line":18,"column":39},"end":{"line":18,"column":40}},"loc":{"start":{"line":18,"column":45},"end":{"line":18,"column":74}},"line":18},"3":{"name":"(anonymous_3)","decl":{"start":{"line":23,"column":23},"end":{"line":23,"column":24}},"loc":{"start":{"line":23,"column":29},"end":{"line":25,"column":3}},"line":23},"4":{"name":"(anonymous_4)","decl":{"start":{"line":27,"column":23},"end":{"line":27,"column":24}},"loc":{"start":{"line":27,"column":33},"end":{"line":36,"column":3}},"line":27},"5":{"name":"(anonymous_5)","decl":{"start":{"line":38,"column":13},"end":{"line":38,"column":14}},"loc":{"start":{"line":38,"column":19},"end":{"line":67,"column":3}},"line":38},"6":{"name":"(anonymous_6)","decl":{"start":{"line":43,"column":14},"end":{"line":43,"column":15}},"loc":{"start":{"line":43,"column":28},"end":{"line":65,"column":9}},"line":43},"7":{"name":"(anonymous_7)","decl":{"start":{"line":44,"column":37},"end":{"line":44,"column":38}},"loc":{"start":{"line":44,"column":46},"end":{"line":61,"column":11}},"line":44}},"branchMap":{"0":{"loc":{"start":{"line":13,"column":4},"end":{"line":14,"column":71}},"type":"if","locations":[{"start":{"line":13,"column":4},"end":{"line":14,"column":71}},{"start":{"line":13,"column":4},"end":{"line":14,"column":71}}],"line":13},"1":{"loc":{"start":{"line":16,"column":4},"end":{"line":19,"column":9}},"type":"if","locations":[{"start":{"line":16,"column":4},"end":{"line":19,"column":9}},{"start":{"line":16,"column":4},"end":{"line":19,"column":9}}],"line":16},"2":{"loc":{"start":{"line":39,"column":4},"end":{"line":66,"column":5}},"type":"if","locations":[{"start":{"line":39,"column":4},"end":{"line":66,"column":5}},{"start":{"line":39,"column":4},"end":{"line":66,"column":5}}],"line":39}},"s":{"0":11,"1":11,"2":11,"3":11,"4":11,"5":4,"6":11,"7":11,"8":11,"9":16,"10":4,"11":11,"12":11,"13":1,"14":11,"15":8,"16":8,"17":8,"18":8,"19":11,"20":6,"21":6,"22":3,"23":12,"24":12,"25":0,"26":0,"27":3},"f":{"0":11,"1":16,"2":4,"3":1,"4":8,"5":6,"6":3,"7":12},"b":{"0":[4,7],"1":[11,0],"2":[6,0]},"_coverageSchema":"1a1c01bbd47fc00a2c39e90264f33305004495a9","hash":"a737ae1ebec94ea821785f91d4b9049f92d9acce"}
,"/Users/dev/p9-OCR/YixuanWANG_P9_11052022_Billed_App/src/containers/Dashboard.js": {"path":"/Users/dev/p9-OCR/YixuanWANG_P9_11052022_Billed_App/src/containers/Dashboard.js","statementMap":{"0":{"start":{"line":8,"column":29},"end":{"line":29,"column":1}},"1":{"start":{"line":9,"column":2},"end":{"line":9,"column":49}},"2":{"start":{"line":10,"column":2},"end":{"line":28,"column":9}},"3":{"start":{"line":15,"column":8},"end":{"line":24,"column":9}},"4":{"start":{"line":16,"column":10},"end":{"line":16,"column":51}},"5":{"start":{"line":21,"column":10},"end":{"line":23,"column":61}},"6":{"start":{"line":26,"column":8},"end":{"line":26,"column":31}},"7":{"start":{"line":31,"column":20},"end":{"line":58,"column":1}},"8":{"start":{"line":32,"column":28},"end":{"line":32,"column":52}},"9":{"start":{"line":33,"column":20},"end":{"line":35,"column":8}},"10":{"start":{"line":36,"column":19},"end":{"line":38,"column":23}},"11":{"start":{"line":40,"column":2},"end":{"line":57,"column":4}},"12":{"start":{"line":60,"column":21},"end":{"line":62,"column":1}},"13":{"start":{"line":61,"column":2},"end":{"line":61,"column":79}},"14":{"start":{"line":61,"column":53},"end":{"line":61,"column":63}},"15":{"start":{"line":64,"column":25},"end":{"line":73,"column":1}},"16":{"start":{"line":65,"column":2},"end":{"line":72,"column":3}},"17":{"start":{"line":67,"column":6},"end":{"line":67,"column":23}},"18":{"start":{"line":69,"column":6},"end":{"line":69,"column":24}},"19":{"start":{"line":71,"column":6},"end":{"line":71,"column":23}},"20":{"start":{"line":77,"column":4},"end":{"line":77,"column":29}},"21":{"start":{"line":78,"column":4},"end":{"line":78,"column":33}},"22":{"start":{"line":79,"column":4},"end":{"line":79,"column":23}},"23":{"start":{"line":80,"column":4},"end":{"line":80,"column":72}},"24":{"start":{"line":80,"column":35},"end":{"line":80,"column":70}},"25":{"start":{"line":81,"column":4},"end":{"line":81,"column":72}},"26":{"start":{"line":81,"column":35},"end":{"line":81,"column":70}},"27":{"start":{"line":82,"column":4},"end":{"line":82,"column":72}},"28":{"start":{"line":82,"column":35},"end":{"line":82,"column":70}},"29":{"start":{"line":83,"column":4},"end":{"line":83,"column":45}},"30":{"start":{"line":86,"column":23},"end":{"line":96,"column":3}},"31":{"start":{"line":87,"column":20},"end":{"line":87,"column":58}},"32":{"start":{"line":88,"column":21},"end":{"line":88,"column":69}},"33":{"start":{"line":89,"column":4},"end":{"line":93,"column":8}},"34":{"start":{"line":94,"column":4},"end":{"line":95,"column":43}},"35":{"start":{"line":95,"column":6},"end":{"line":95,"column":43}},"36":{"start":{"line":99,"column":4},"end":{"line":99,"column":76}},"37":{"start":{"line":99,"column":59},"end":{"line":99,"column":76}},"38":{"start":{"line":100,"column":4},"end":{"line":100,"column":72}},"39":{"start":{"line":100,"column":54},"end":{"line":100,"column":72}},"40":{"start":{"line":101,"column":4},"end":{"line":117,"column":5}},"41":{"start":{"line":102,"column":6},"end":{"line":104,"column":9}},"42":{"start":{"line":103,"column":8},"end":{"line":103,"column":62}},"43":{"start":{"line":105,"column":6},"end":{"line":105,"column":63}},"44":{"start":{"line":106,"column":6},"end":{"line":106,"column":70}},"45":{"start":{"line":107,"column":6},"end":{"line":107,"column":53}},"46":{"start":{"line":110,"column":6},"end":{"line":110,"column":63}},"47":{"start":{"line":112,"column":6},"end":{"line":114,"column":9}},"48":{"start":{"line":115,"column":6},"end":{"line":115,"column":53}},"49":{"start":{"line":116,"column":6},"end":{"line":116,"column":21}},"50":{"start":{"line":118,"column":4},"end":{"line":118,"column":52}},"51":{"start":{"line":119,"column":4},"end":{"line":119,"column":73}},"52":{"start":{"line":119,"column":39},"end":{"line":119,"column":71}},"53":{"start":{"line":120,"column":4},"end":{"line":120,"column":73}},"54":{"start":{"line":120,"column":39},"end":{"line":120,"column":71}},"55":{"start":{"line":123,"column":23},"end":{"line":131,"column":3}},"56":{"start":{"line":124,"column":20},"end":{"line":128,"column":5}},"57":{"start":{"line":129,"column":4},"end":{"line":129,"column":29}},"58":{"start":{"line":130,"column":4},"end":{"line":130,"column":46}},"59":{"start":{"line":133,"column":23},"end":{"line":141,"column":3}},"60":{"start":{"line":134,"column":20},"end":{"line":138,"column":5}},"61":{"start":{"line":139,"column":4},"end":{"line":139,"column":29}},"62":{"start":{"line":140,"column":4},"end":{"line":140,"column":46}},"63":{"start":{"line":144,"column":4},"end":{"line":144,"column":77}},"64":{"start":{"line":144,"column":60},"end":{"line":144,"column":77}},"65":{"start":{"line":145,"column":4},"end":{"line":145,"column":77}},"66":{"start":{"line":145,"column":58},"end":{"line":145,"column":77}},"67":{"start":{"line":146,"column":4},"end":{"line":156,"column":5}},"68":{"start":{"line":147,"column":6},"end":{"line":147,"column":71}},"69":{"start":{"line":148,"column":6},"end":{"line":150,"column":8}},"70":{"start":{"line":151,"column":6},"end":{"line":151,"column":21}},"71":{"start":{"line":153,"column":6},"end":{"line":153,"column":72}},"72":{"start":{"line":154,"column":6},"end":{"line":154,"column":57}},"73":{"start":{"line":155,"column":6},"end":{"line":155,"column":21}},"74":{"start":{"line":158,"column":4},"end":{"line":162,"column":7}},"75":{"start":{"line":159,"column":6},"end":{"line":161,"column":8}},"76":{"start":{"line":160,"column":8},"end":{"line":160,"column":45}},"77":{"start":{"line":164,"column":4},"end":{"line":164,"column":17}},"78":{"start":{"line":167,"column":21},"end":{"line":185,"column":3}},"79":{"start":{"line":168,"column":4},"end":{"line":184,"column":5}},"80":{"start":{"line":169,"column":6},"end":{"line":183,"column":11}},"81":{"start":{"line":173,"column":24},"end":{"line":178,"column":13}},"82":{"start":{"line":173,"column":47},"end":{"line":178,"column":11}},"83":{"start":{"line":179,"column":10},"end":{"line":179,"column":23}},"84":{"start":{"line":182,"column":10},"end":{"line":182,"column":22}}},"fnMap":{"0":{"name":"(anonymous_0)","decl":{"start":{"line":8,"column":29},"end":{"line":8,"column":30}},"loc":{"start":{"line":8,"column":47},"end":{"line":29,"column":1}},"line":8},"1":{"name":"(anonymous_1)","decl":{"start":{"line":11,"column":18},"end":{"line":11,"column":19}},"loc":{"start":{"line":11,"column":28},"end":{"line":27,"column":7}},"line":11},"2":{"name":"(anonymous_2)","decl":{"start":{"line":31,"column":20},"end":{"line":31,"column":21}},"loc":{"start":{"line":31,"column":30},"end":{"line":58,"column":1}},"line":31},"3":{"name":"(anonymous_3)","decl":{"start":{"line":60,"column":21},"end":{"line":60,"column":22}},"loc":{"start":{"line":60,"column":32},"end":{"line":62,"column":1}},"line":60},"4":{"name":"(anonymous_4)","decl":{"start":{"line":61,"column":43},"end":{"line":61,"column":44}},"loc":{"start":{"line":61,"column":53},"end":{"line":61,"column":63}},"line":61},"5":{"name":"(anonymous_5)","decl":{"start":{"line":64,"column":25},"end":{"line":64,"column":26}},"loc":{"start":{"line":64,"column":36},"end":{"line":73,"column":1}},"line":64},"6":{"name":"(anonymous_6)","decl":{"start":{"line":76,"column":2},"end":{"line":76,"column":3}},"loc":{"start":{"line":76,"column":68},"end":{"line":84,"column":3}},"line":76},"7":{"name":"(anonymous_7)","decl":{"start":{"line":80,"column":28},"end":{"line":80,"column":29}},"loc":{"start":{"line":80,"column":35},"end":{"line":80,"column":70}},"line":80},"8":{"name":"(anonymous_8)","decl":{"start":{"line":81,"column":28},"end":{"line":81,"column":29}},"loc":{"start":{"line":81,"column":35},"end":{"line":81,"column":70}},"line":81},"9":{"name":"(anonymous_9)","decl":{"start":{"line":82,"column":28},"end":{"line":82,"column":29}},"loc":{"start":{"line":82,"column":35},"end":{"line":82,"column":70}},"line":82},"10":{"name":"(anonymous_10)","decl":{"start":{"line":86,"column":23},"end":{"line":86,"column":24}},"loc":{"start":{"line":86,"column":29},"end":{"line":96,"column":3}},"line":86},"11":{"name":"(anonymous_11)","decl":{"start":{"line":98,"column":2},"end":{"line":98,"column":3}},"loc":{"start":{"line":98,"column":35},"end":{"line":121,"column":3}},"line":98},"12":{"name":"(anonymous_12)","decl":{"start":{"line":102,"column":20},"end":{"line":102,"column":21}},"loc":{"start":{"line":102,"column":27},"end":{"line":104,"column":7}},"line":102},"13":{"name":"(anonymous_13)","decl":{"start":{"line":119,"column":32},"end":{"line":119,"column":33}},"loc":{"start":{"line":119,"column":39},"end":{"line":119,"column":71}},"line":119},"14":{"name":"(anonymous_14)","decl":{"start":{"line":120,"column":32},"end":{"line":120,"column":33}},"loc":{"start":{"line":120,"column":39},"end":{"line":120,"column":71}},"line":120},"15":{"name":"(anonymous_15)","decl":{"start":{"line":123,"column":23},"end":{"line":123,"column":24}},"loc":{"start":{"line":123,"column":36},"end":{"line":131,"column":3}},"line":123},"16":{"name":"(anonymous_16)","decl":{"start":{"line":133,"column":23},"end":{"line":133,"column":24}},"loc":{"start":{"line":133,"column":36},"end":{"line":141,"column":3}},"line":133},"17":{"name":"(anonymous_17)","decl":{"start":{"line":143,"column":2},"end":{"line":143,"column":3}},"loc":{"start":{"line":143,"column":37},"end":{"line":165,"column":3}},"line":143},"18":{"name":"(anonymous_18)","decl":{"start":{"line":158,"column":18},"end":{"line":158,"column":19}},"loc":{"start":{"line":158,"column":28},"end":{"line":162,"column":5}},"line":158},"19":{"name":"(anonymous_19)","decl":{"start":{"line":159,"column":38},"end":{"line":159,"column":39}},"loc":{"start":{"line":160,"column":8},"end":{"line":160,"column":45}},"line":160},"20":{"name":"(anonymous_20)","decl":{"start":{"line":167,"column":21},"end":{"line":167,"column":22}},"loc":{"start":{"line":167,"column":27},"end":{"line":185,"column":3}},"line":167},"21":{"name":"(anonymous_21)","decl":{"start":{"line":172,"column":14},"end":{"line":172,"column":15}},"loc":{"start":{"line":172,"column":28},"end":{"line":180,"column":9}},"line":172},"22":{"name":"(anonymous_22)","decl":{"start":{"line":173,"column":37},"end":{"line":173,"column":38}},"loc":{"start":{"line":173,"column":47},"end":{"line":178,"column":11}},"line":173},"23":{"name":"(anonymous_23)","decl":{"start":{"line":181,"column":15},"end":{"line":181,"column":16}},"loc":{"start":{"line":181,"column":26},"end":{"line":183,"column":9}},"line":181}},"branchMap":{"0":{"loc":{"start":{"line":10,"column":9},"end":{"line":28,"column":8}},"type":"cond-expr","locations":[{"start":{"line":11,"column":6},"end":{"line":27,"column":8}},{"start":{"line":28,"column":6},"end":{"line":28,"column":8}}],"line":10},"1":{"loc":{"start":{"line":10,"column":9},"end":{"line":10,"column":28}},"type":"binary-expr","locations":[{"start":{"line":10,"column":9},"end":{"line":10,"column":13}},{"start":{"line":10,"column":17},"end":{"line":10,"column":28}}],"line":10},"2":{"loc":{"start":{"line":15,"column":8},"end":{"line":24,"column":9}},"type":"if","locations":[{"start":{"line":15,"column":8},"end":{"line":24,"column":9}},{"start":{"line":15,"column":8},"end":{"line":24,"column":9}}],"line":15},"3":{"loc":{"start":{"line":22,"column":12},"end":{"line":23,"column":60}},"type":"binary-expr","locations":[{"start":{"line":22,"column":12},"end":{"line":22,"column":34}},{"start":{"line":23,"column":12},"end":{"line":23,"column":60}}],"line":22},"4":{"loc":{"start":{"line":33,"column":20},"end":{"line":35,"column":8}},"type":"cond-expr","locations":[{"start":{"line":34,"column":6},"end":{"line":34,"column":37}},{"start":{"line":35,"column":6},"end":{"line":35,"column":8}}],"line":33},"5":{"loc":{"start":{"line":36,"column":19},"end":{"line":38,"column":23}},"type":"cond-expr","locations":[{"start":{"line":37,"column":6},"end":{"line":37,"column":37}},{"start":{"line":38,"column":6},"end":{"line":38,"column":23}}],"line":36},"6":{"loc":{"start":{"line":61,"column":9},"end":{"line":61,"column":78}},"type":"cond-expr","locations":[{"start":{"line":61,"column":33},"end":{"line":61,"column":73}},{"start":{"line":61,"column":76},"end":{"line":61,"column":78}}],"line":61},"7":{"loc":{"start":{"line":61,"column":9},"end":{"line":61,"column":30}},"type":"binary-expr","locations":[{"start":{"line":61,"column":9},"end":{"line":61,"column":14}},{"start":{"line":61,"column":18},"end":{"line":61,"column":30}}],"line":61},"8":{"loc":{"start":{"line":65,"column":2},"end":{"line":72,"column":3}},"type":"switch","locations":[{"start":{"line":66,"column":4},"end":{"line":67,"column":23}},{"start":{"line":68,"column":4},"end":{"line":69,"column":24}},{"start":{"line":70,"column":4},"end":{"line":71,"column":23}}],"line":65},"9":{"loc":{"start":{"line":94,"column":4},"end":{"line":95,"column":43}},"type":"if","locations":[{"start":{"line":94,"column":4},"end":{"line":95,"column":43}},{"start":{"line":94,"column":4},"end":{"line":95,"column":43}}],"line":94},"10":{"loc":{"start":{"line":99,"column":4},"end":{"line":99,"column":76}},"type":"if","locations":[{"start":{"line":99,"column":4},"end":{"line":99,"column":76}},{"start":{"line":99,"column":4},"end":{"line":99,"column":76}}],"line":99},"11":{"loc":{"start":{"line":99,"column":8},"end":{"line":99,"column":57}},"type":"binary-expr","locations":[{"start":{"line":99,"column":8},"end":{"line":99,"column":34}},{"start":{"line":99,"column":38},"end":{"line":99,"column":57}}],"line":99},"12":{"loc":{"start":{"line":100,"column":4},"end":{"line":100,"column":72}},"type":"if","locations":[{"start":{"line":100,"column":4},"end":{"line":100,"column":72}},{"start":{"line":100,"column":4},"end":{"line":100,"column":72}}],"line":100},"13":{"loc":{"start":{"line":100,"column":8},"end":{"line":100,"column":52}},"type":"binary-expr","locations":[{"start":{"line":100,"column":8},"end":{"line":100,"column":29}},{"start":{"line":100,"column":33},"end":{"line":100,"column":52}}],"line":100},"14":{"loc":{"start":{"line":101,"column":4},"end":{"line":117,"column":5}},"type":"if","locations":[{"start":{"line":101,"column":4},"end":{"line":117,"column":5}},{"start":{"line":101,"column":4},"end":{"line":117,"column":5}}],"line":101},"15":{"loc":{"start":{"line":144,"column":4},"end":{"line":144,"column":77}},"type":"if","locations":[{"start":{"line":144,"column":4},"end":{"line":144,"column":77}},{"start":{"line":144,"column":4},"end":{"line":144,"column":77}}],"line":144},"16":{"loc":{"start":{"line":144,"column":8},"end":{"line":144,"column":58}},"type":"binary-expr","locations":[{"start":{"line":144,"column":8},"end":{"line":144,"column":34}},{"start":{"line":144,"column":38},"end":{"line":144,"column":58}}],"line":144},"17":{"loc":{"start":{"line":145,"column":4},"end":{"line":145,"column":77}},"type":"if","locations":[{"start":{"line":145,"column":4},"end":{"line":145,"column":77}},{"start":{"line":145,"column":4},"end":{"line":145,"column":77}}],"line":145},"18":{"loc":{"start":{"line":145,"column":8},"end":{"line":145,"column":56}},"type":"binary-expr","locations":[{"start":{"line":145,"column":8},"end":{"line":145,"column":32}},{"start":{"line":145,"column":36},"end":{"line":145,"column":56}}],"line":145},"19":{"loc":{"start":{"line":146,"column":4},"end":{"line":156,"column":5}},"type":"if","locations":[{"start":{"line":146,"column":4},"end":{"line":156,"column":5}},{"start":{"line":146,"column":4},"end":{"line":156,"column":5}}],"line":146},"20":{"loc":{"start":{"line":168,"column":4},"end":{"line":184,"column":5}},"type":"if","locations":[{"start":{"line":168,"column":4},"end":{"line":184,"column":5}},{"start":{"line":168,"column":4},"end":{"line":184,"column":5}}],"line":168}},"s":{"0":7,"1":40,"2":40,"3":88,"4":88,"5":0,"6":88,"7":7,"8":5,"9":5,"10":5,"11":5,"12":7,"13":5,"14":5,"15":7,"16":4,"17":2,"18":1,"19":1,"20":13,"21":13,"22":13,"23":13,"24":0,"25":13,"26":0,"27":13,"28":0,"29":13,"30":13,"31":1,"32":1,"33":1,"34":1,"35":0,"36":2,"37":1,"38":2,"39":1,"40":2,"41":2,"42":8,"43":2,"44":2,"45":2,"46":0,"47":0,"48":0,"49":0,"50":2,"51":2,"52":0,"53":2,"54":0,"55":13,"56":1,"57":1,"58":1,"59":13,"60":1,"61":1,"62":1,"63":4,"64":4,"65":4,"66":4,"67":4,"68":4,"69":4,"70":4,"71":0,"72":0,"73":0,"74":4,"75":16,"76":1,"77":4,"78":13,"79":5,"80":5,"81":3,"82":12,"83":3,"84":2},"f":{"0":40,"1":88,"2":5,"3":5,"4":5,"5":4,"6":13,"7":0,"8":0,"9":0,"10":1,"11":2,"12":8,"13":0,"14":0,"15":1,"16":1,"17":4,"18":16,"19":1,"20":5,"21":3,"22":12,"23":2},"b":{"0":[22,18],"1":[40,22],"2":[88,0],"3":[0,0],"4":[0,5],"5":[0,5],"6":[4,1],"7":[5,5],"8":[2,1,1],"9":[0,1],"10":[1,1],"11":[2,2],"12":[1,1],"13":[2,1],"14":[2,0],"15":[4,0],"16":[4,2],"17":[4,0],"18":[4,2],"19":[4,0],"20":[5,0]},"_coverageSchema":"1a1c01bbd47fc00a2c39e90264f33305004495a9","hash":"a9aef0a0097609e30cc7175c8724c8b2b5ded9d3"}
,"/Users/dev/p9-OCR/YixuanWANG_P9_11052022_Billed_App/src/containers/Login.js": {"path":"/Users/dev/p9-OCR/YixuanWANG_P9_11052022_Billed_App/src/containers/Login.js","statementMap":{"0":{"start":{"line":2,"column":31},"end":{"line":2,"column":33}},"1":{"start":{"line":13,"column":4},"end":{"line":13,"column":29}},"2":{"start":{"line":14,"column":4},"end":{"line":14,"column":37}},"3":{"start":{"line":15,"column":4},"end":{"line":15,"column":33}},"4":{"start":{"line":16,"column":4},"end":{"line":16,"column":47}},"5":{"start":{"line":17,"column":4},"end":{"line":17,"column":23}},"6":{"start":{"line":18,"column":25},"end":{"line":20,"column":5}},"7":{"start":{"line":21,"column":4},"end":{"line":21,"column":71}},"8":{"start":{"line":22,"column":22},"end":{"line":24,"column":5}},"9":{"start":{"line":25,"column":4},"end":{"line":25,"column":65}},"10":{"start":{"line":27,"column":25},"end":{"line":47,"column":3}},"11":{"start":{"line":28,"column":4},"end":{"line":28,"column":23}},"12":{"start":{"line":29,"column":17},"end":{"line":37,"column":5}},"13":{"start":{"line":38,"column":4},"end":{"line":38,"column":60}},"14":{"start":{"line":39,"column":4},"end":{"line":46,"column":9}},"15":{"start":{"line":40,"column":22},"end":{"line":40,"column":43}},"16":{"start":{"line":42,"column":8},"end":{"line":42,"column":46}},"17":{"start":{"line":43,"column":8},"end":{"line":43,"column":54}},"18":{"start":{"line":44,"column":8},"end":{"line":44,"column":51}},"19":{"start":{"line":45,"column":8},"end":{"line":45,"column":58}},"20":{"start":{"line":49,"column":22},"end":{"line":69,"column":3}},"21":{"start":{"line":50,"column":4},"end":{"line":50,"column":23}},"22":{"start":{"line":51,"column":17},"end":{"line":59,"column":5}},"23":{"start":{"line":60,"column":4},"end":{"line":60,"column":60}},"24":{"start":{"line":61,"column":4},"end":{"line":68,"column":9}},"25":{"start":{"line":62,"column":22},"end":{"line":62,"column":43}},"26":{"start":{"line":64,"column":8},"end":{"line":64,"column":50}},"27":{"start":{"line":65,"column":8},"end":{"line":65,"column":58}},"28":{"start":{"line":66,"column":8},"end":{"line":66,"column":51}},"29":{"start":{"line":67,"column":8},"end":{"line":67,"column":53}},"30":{"start":{"line":72,"column":10},"end":{"line":87,"column":3}},"31":{"start":{"line":73,"column":4},"end":{"line":86,"column":5}},"32":{"start":{"line":74,"column":6},"end":{"line":83,"column":11}},"33":{"start":{"line":82,"column":10},"end":{"line":82,"column":43}},"34":{"start":{"line":85,"column":6},"end":{"line":85,"column":18}},"35":{"start":{"line":90,"column":15},"end":{"line":109,"column":3}},"36":{"start":{"line":91,"column":4},"end":{"line":108,"column":5}},"37":{"start":{"line":92,"column":6},"end":{"line":105,"column":11}},"38":{"start":{"line":103,"column":10},"end":{"line":103,"column":60}},"39":{"start":{"line":104,"column":10},"end":{"line":104,"column":34}},"40":{"start":{"line":107,"column":6},"end":{"line":107,"column":18}}},"fnMap":{"0":{"name":"(anonymous_0)","decl":{"start":{"line":6,"column":2},"end":{"line":6,"column":3}},"loc":{"start":{"line":12,"column":5},"end":{"line":26,"column":3}},"line":12},"1":{"name":"(anonymous_1)","decl":{"start":{"line":27,"column":25},"end":{"line":27,"column":26}},"loc":{"start":{"line":27,"column":32},"end":{"line":47,"column":3}},"line":27},"2":{"name":"(anonymous_2)","decl":{"start":{"line":40,"column":13},"end":{"line":40,"column":14}},"loc":{"start":{"line":40,"column":22},"end":{"line":40,"column":43}},"line":40},"3":{"name":"(anonymous_3)","decl":{"start":{"line":41,"column":12},"end":{"line":41,"column":13}},"loc":{"start":{"line":41,"column":18},"end":{"line":46,"column":7}},"line":41},"4":{"name":"(anonymous_4)","decl":{"start":{"line":49,"column":22},"end":{"line":49,"column":23}},"loc":{"start":{"line":49,"column":29},"end":{"line":69,"column":3}},"line":49},"5":{"name":"(anonymous_5)","decl":{"start":{"line":62,"column":13},"end":{"line":62,"column":14}},"loc":{"start":{"line":62,"column":22},"end":{"line":62,"column":43}},"line":62},"6":{"name":"(anonymous_6)","decl":{"start":{"line":63,"column":12},"end":{"line":63,"column":13}},"loc":{"start":{"line":63,"column":18},"end":{"line":68,"column":7}},"line":63},"7":{"name":"(anonymous_7)","decl":{"start":{"line":72,"column":10},"end":{"line":72,"column":11}},"loc":{"start":{"line":72,"column":20},"end":{"line":87,"column":3}},"line":72},"8":{"name":"(anonymous_8)","decl":{"start":{"line":81,"column":14},"end":{"line":81,"column":15}},"loc":{"start":{"line":81,"column":27},"end":{"line":83,"column":9}},"line":81},"9":{"name":"(anonymous_9)","decl":{"start":{"line":90,"column":15},"end":{"line":90,"column":16}},"loc":{"start":{"line":90,"column":25},"end":{"line":109,"column":3}},"line":90},"10":{"name":"(anonymous_10)","decl":{"start":{"line":102,"column":14},"end":{"line":102,"column":15}},"loc":{"start":{"line":102,"column":20},"end":{"line":105,"column":9}},"line":102}},"branchMap":{"0":{"loc":{"start":{"line":73,"column":4},"end":{"line":86,"column":5}},"type":"if","locations":[{"start":{"line":73,"column":4},"end":{"line":86,"column":5}},{"start":{"line":73,"column":4},"end":{"line":86,"column":5}}],"line":73},"1":{"loc":{"start":{"line":91,"column":4},"end":{"line":108,"column":5}},"type":"if","locations":[{"start":{"line":91,"column":4},"end":{"line":108,"column":5}},{"start":{"line":91,"column":4},"end":{"line":108,"column":5}}],"line":91}},"s":{"0":5,"1":5,"2":5,"3":5,"4":5,"5":5,"6":5,"7":5,"8":5,"9":5,"10":5,"11":2,"12":2,"13":2,"14":2,"15":0,"16":2,"17":2,"18":2,"19":2,"20":5,"21":2,"22":2,"23":2,"24":2,"25":0,"26":2,"27":2,"28":2,"29":2,"30":5,"31":0,"32":0,"33":0,"34":0,"35":5,"36":0,"37":0,"38":0,"39":0,"40":0},"f":{"0":5,"1":2,"2":0,"3":2,"4":2,"5":0,"6":2,"7":0,"8":0,"9":0,"10":0},"b":{"0":[0,0],"1":[0,0]},"_coverageSchema":"1a1c01bbd47fc00a2c39e90264f33305004495a9","hash":"530afbb86fc0c5207b7d3041c8cade903d9696e6"}
,"/Users/dev/p9-OCR/YixuanWANG_P9_11052022_Billed_App/src/containers/Logout.js": {"path":"/Users/dev/p9-OCR/YixuanWANG_P9_11052022_Billed_App/src/containers/Logout.js","statementMap":{"0":{"start":{"line":5,"column":4},"end":{"line":5,"column":28}},"1":{"start":{"line":6,"column":4},"end":{"line":6,"column":32}},"2":{"start":{"line":7,"column":4},"end":{"line":7,"column":36}},"3":{"start":{"line":8,"column":4},"end":{"line":8,"column":51}},"4":{"start":{"line":11,"column":16},"end":{"line":14,"column":3}},"5":{"start":{"line":12,"column":4},"end":{"line":12,"column":29}},"6":{"start":{"line":13,"column":4},"end":{"line":13,"column":41}}},"fnMap":{"0":{"name":"(anonymous_0)","decl":{"start":{"line":4,"column":2},"end":{"line":4,"column":3}},"loc":{"start":{"line":4,"column":54},"end":{"line":9,"column":3}},"line":4},"1":{"name":"(anonymous_1)","decl":{"start":{"line":11,"column":16},"end":{"line":11,"column":17}},"loc":{"start":{"line":11,"column":23},"end":{"line":14,"column":3}},"line":11}},"branchMap":{},"s":{"0":30,"1":30,"2":30,"3":30,"4":30,"5":2,"6":2},"f":{"0":30,"1":2},"b":{},"_coverageSchema":"1a1c01bbd47fc00a2c39e90264f33305004495a9","hash":"d747f2398234125876ad4b30ab21a5411ad9d201"}
,"/Users/dev/p9-OCR/YixuanWANG_P9_11052022_Billed_App/src/containers/NewBill.js": {"path":"/Users/dev/p9-OCR/YixuanWANG_P9_11052022_Billed_App/src/containers/NewBill.js","statementMap":{"0":{"start":{"line":6,"column":4},"end":{"line":6,"column":28}},"1":{"start":{"line":7,"column":4},"end":{"line":7,"column":32}},"2":{"start":{"line":8,"column":4},"end":{"line":8,"column":22}},"3":{"start":{"line":9,"column":24},"end":{"line":9,"column":88}},"4":{"start":{"line":10,"column":4},"end":{"line":10,"column":61}},"5":{"start":{"line":11,"column":17},"end":{"line":11,"column":73}},"6":{"start":{"line":12,"column":4},"end":{"line":12,"column":58}},"7":{"start":{"line":13,"column":4},"end":{"line":13,"column":23}},"8":{"start":{"line":14,"column":4},"end":{"line":14,"column":24}},"9":{"start":{"line":15,"column":4},"end":{"line":15,"column":22}},"10":{"start":{"line":16,"column":4},"end":{"line":16,"column":54}},"11":{"start":{"line":18,"column":21},"end":{"line":42,"column":3}},"12":{"start":{"line":19,"column":4},"end":{"line":19,"column":22}},"13":{"start":{"line":20,"column":17},"end":{"line":20,"column":82}},"14":{"start":{"line":21,"column":21},"end":{"line":21,"column":48}},"15":{"start":{"line":22,"column":21},"end":{"line":22,"column":48}},"16":{"start":{"line":23,"column":21},"end":{"line":23,"column":35}},"17":{"start":{"line":24,"column":18},"end":{"line":24,"column":64}},"18":{"start":{"line":25,"column":4},"end":{"line":25,"column":33}},"19":{"start":{"line":26,"column":4},"end":{"line":26,"column":35}},"20":{"start":{"line":28,"column":4},"end":{"line":41,"column":45}},"21":{"start":{"line":37,"column":8},"end":{"line":37,"column":28}},"22":{"start":{"line":38,"column":8},"end":{"line":38,"column":25}},"23":{"start":{"line":39,"column":8},"end":{"line":39,"column":30}},"24":{"start":{"line":40,"column":8},"end":{"line":40,"column":32}},"25":{"start":{"line":41,"column":24},"end":{"line":41,"column":44}},"26":{"start":{"line":43,"column":17},"end":{"line":62,"column":3}},"27":{"start":{"line":44,"column":4},"end":{"line":44,"column":22}},"28":{"start":{"line":45,"column":4},"end":{"line":45,"column":147}},"29":{"start":{"line":46,"column":18},"end":{"line":46,"column":64}},"30":{"start":{"line":47,"column":17},"end":{"line":59,"column":5}},"31":{"start":{"line":60,"column":4},"end":{"line":60,"column":25}},"32":{"start":{"line":61,"column":4},"end":{"line":61,"column":41}},"33":{"start":{"line":65,"column":15},"end":{"line":75,"column":3}},"34":{"start":{"line":66,"column":4},"end":{"line":74,"column":5}},"35":{"start":{"line":67,"column":6},"end":{"line":73,"column":43}},"36":{"start":{"line":71,"column":8},"end":{"line":71,"column":45}},"37":{"start":{"line":73,"column":22},"end":{"line":73,"column":42}}},"fnMap":{"0":{"name":"(anonymous_0)","decl":{"start":{"line":5,"column":2},"end":{"line":5,"column":3}},"loc":{"start":{"line":5,"column":61},"end":{"line":17,"column":3}},"line":5},"1":{"name":"(anonymous_1)","decl":{"start":{"line":18,"column":21},"end":{"line":18,"column":22}},"loc":{"start":{"line":18,"column":26},"end":{"line":42,"column":3}},"line":18},"2":{"name":"(anonymous_2)","decl":{"start":{"line":36,"column":12},"end":{"line":36,"column":13}},"loc":{"start":{"line":36,"column":32},"end":{"line":41,"column":7}},"line":36},"3":{"name":"(anonymous_3)","decl":{"start":{"line":41,"column":15},"end":{"line":41,"column":16}},"loc":{"start":{"line":41,"column":24},"end":{"line":41,"column":44}},"line":41},"4":{"name":"(anonymous_4)","decl":{"start":{"line":43,"column":17},"end":{"line":43,"column":18}},"loc":{"start":{"line":43,"column":22},"end":{"line":62,"column":3}},"line":43},"5":{"name":"(anonymous_5)","decl":{"start":{"line":65,"column":15},"end":{"line":65,"column":16}},"loc":{"start":{"line":65,"column":25},"end":{"line":75,"column":3}},"line":65},"6":{"name":"(anonymous_6)","decl":{"start":{"line":70,"column":12},"end":{"line":70,"column":13}},"loc":{"start":{"line":70,"column":18},"end":{"line":72,"column":7}},"line":70},"7":{"name":"(anonymous_7)","decl":{"start":{"line":73,"column":13},"end":{"line":73,"column":14}},"loc":{"start":{"line":73,"column":22},"end":{"line":73,"column":42}},"line":73}},"branchMap":{"0":{"loc":{"start":{"line":54,"column":11},"end":{"line":54,"column":83}},"type":"binary-expr","locations":[{"start":{"line":54,"column":11},"end":{"line":54,"column":77}},{"start":{"line":54,"column":81},"end":{"line":54,"column":83}}],"line":54},"1":{"loc":{"start":{"line":66,"column":4},"end":{"line":74,"column":5}},"type":"if","locations":[{"start":{"line":66,"column":4},"end":{"line":74,"column":5}},{"start":{"line":66,"column":4},"end":{"line":74,"column":5}}],"line":66}},"s":{"0":5,"1":5,"2":5,"3":5,"4":5,"5":5,"6":5,"7":5,"8":5,"9":5,"10":5,"11":5,"12":2,"13":2,"14":2,"15":2,"16":2,"17":2,"18":2,"19":2,"20":2,"21":2,"22":2,"23":2,"24":2,"25":0,"26":5,"27":2,"28":2,"29":2,"30":2,"31":2,"32":2,"33":5,"34":2,"35":0,"36":0,"37":0},"f":{"0":5,"1":2,"2":2,"3":0,"4":2,"5":2,"6":0,"7":0},"b":{"0":[2,2],"1":[0,2]},"_coverageSchema":"1a1c01bbd47fc00a2c39e90264f33305004495a9","hash":"23320577f78245a95f8e02c2d23aa1ae7093d27b"}
,"/Users/dev/p9-OCR/YixuanWANG_P9_11052022_Billed_App/src/views/Actions.js": {"path":"/Users/dev/p9-OCR/YixuanWANG_P9_11052022_Billed_App/src/views/Actions.js","statementMap":{"0":{"start":{"line":5,"column":2},"end":{"line":11,"column":3}}},"fnMap":{"0":{"name":"(anonymous_0)","decl":{"start":{"line":4,"column":15},"end":{"line":4,"column":16}},"loc":{"start":{"line":4,"column":28},"end":{"line":12,"column":1}},"line":4}},"branchMap":{},"s":{"0":22},"f":{"0":22},"b":{},"_coverageSchema":"1a1c01bbd47fc00a2c39e90264f33305004495a9","hash":"78127b61a81723788249aa850f622684d946ebe4"}
,"/Users/dev/p9-OCR/YixuanWANG_P9_11052022_Billed_App/src/views/BillsUI.js": {"path":"/Users/dev/p9-OCR/YixuanWANG_P9_11052022_Billed_App/src/views/BillsUI.js","statementMap":{"0":{"start":{"line":7,"column":12},"end":{"line":21,"column":1}},"1":{"start":{"line":9,"column":2},"end":{"line":20,"column":6}},"2":{"start":{"line":22,"column":13},"end":{"line":24,"column":1}},"3":{"start":{"line":23,"column":2},"end":{"line":23,"column":75}},"4":{"start":{"line":23,"column":50},"end":{"line":23,"column":59}},"5":{"start":{"line":28,"column":22},"end":{"line":28,"column":79}},"6":{"start":{"line":28,"column":53},"end":{"line":28,"column":77}},"7":{"start":{"line":53,"column":16},"end":{"line":68,"column":3}},"8":{"start":{"line":53,"column":22},"end":{"line":68,"column":3}},"9":{"start":{"line":70,"column":2},"end":{"line":74,"column":3}},"10":{"start":{"line":71,"column":4},"end":{"line":71,"column":25}},"11":{"start":{"line":72,"column":9},"end":{"line":74,"column":3}},"12":{"start":{"line":73,"column":4},"end":{"line":73,"column":28}},"13":{"start":{"line":76,"column":2},"end":{"line":103,"column":12}}},"fnMap":{"0":{"name":"(anonymous_0)","decl":{"start":{"line":7,"column":12},"end":{"line":7,"column":13}},"loc":{"start":{"line":7,"column":22},"end":{"line":21,"column":1}},"line":7},"1":{"name":"(anonymous_1)","decl":{"start":{"line":22,"column":13},"end":{"line":22,"column":14}},"loc":{"start":{"line":22,"column":23},"end":{"line":24,"column":1}},"line":22},"2":{"name":"(anonymous_2)","decl":{"start":{"line":23,"column":40},"end":{"line":23,"column":41}},"loc":{"start":{"line":23,"column":50},"end":{"line":23,"column":59}},"line":23},"3":{"name":"(anonymous_3)","decl":{"start":{"line":26,"column":15},"end":{"line":26,"column":16}},"loc":{"start":{"line":26,"column":52},"end":{"line":104,"column":1}},"line":26},"4":{"name":"(anonymous_4)","decl":{"start":{"line":28,"column":42},"end":{"line":28,"column":43}},"loc":{"start":{"line":28,"column":53},"end":{"line":28,"column":77}},"line":28},"5":{"name":"(anonymous_5)","decl":{"start":{"line":53,"column":16},"end":{"line":53,"column":17}},"loc":{"start":{"line":53,"column":22},"end":{"line":68,"column":3}},"line":53}},"branchMap":{"0":{"loc":{"start":{"line":23,"column":9},"end":{"line":23,"column":74}},"type":"cond-expr","locations":[{"start":{"line":23,"column":31},"end":{"line":23,"column":69}},{"start":{"line":23,"column":72},"end":{"line":23,"column":74}}],"line":23},"1":{"loc":{"start":{"line":23,"column":9},"end":{"line":23,"column":28}},"type":"binary-expr","locations":[{"start":{"line":23,"column":9},"end":{"line":23,"column":13}},{"start":{"line":23,"column":17},"end":{"line":23,"column":28}}],"line":23},"2":{"loc":{"start":{"line":28,"column":22},"end":{"line":28,"column":79}},"type":"binary-expr","locations":[{"start":{"line":28,"column":22},"end":{"line":28,"column":27}},{"start":{"line":28,"column":31},"end":{"line":28,"column":79}}],"line":28},"3":{"loc":{"start":{"line":28,"column":53},"end":{"line":28,"column":77}},"type":"cond-expr","locations":[{"start":{"line":28,"column":71},"end":{"line":28,"column":72}},{"start":{"line":28,"column":75},"end":{"line":28,"column":77}}],"line":28},"4":{"loc":{"start":{"line":70,"column":2},"end":{"line":74,"column":3}},"type":"if","locations":[{"start":{"line":70,"column":2},"end":{"line":74,"column":3}},{"start":{"line":70,"column":2},"end":{"line":74,"column":3}}],"line":70},"5":{"loc":{"start":{"line":72,"column":9},"end":{"line":74,"column":3}},"type":"if","locations":[{"start":{"line":72,"column":9},"end":{"line":74,"column":3}},{"start":{"line":72,"column":9},"end":{"line":74,"column":3}}],"line":72}},"s":{"0":8,"1":20,"2":8,"3":11,"4":20,"5":24,"6":30,"7":24,"8":11,"9":24,"10":7,"11":17,"12":6,"13":11},"f":{"0":20,"1":11,"2":20,"3":24,"4":30,"5":11},"b":{"0":[5,6],"1":[11,7],"2":[24,9],"3":[24,6],"4":[7,17],"5":[6,11]},"_coverageSchema":"1a1c01bbd47fc00a2c39e90264f33305004495a9","hash":"bf81f8c59d65b8b9bdfea5ffbf28b4165cc75da7"}
,"/Users/dev/p9-OCR/YixuanWANG_P9_11052022_Billed_App/src/views/DashboardFormUI.js": {"path":"/Users/dev/p9-OCR/YixuanWANG_P9_11052022_Billed_App/src/views/DashboardFormUI.js","statementMap":{"0":{"start":{"line":7,"column":21},"end":{"line":22,"column":4}},"1":{"start":{"line":7,"column":28},"end":{"line":22,"column":3}},"2":{"start":{"line":26,"column":2},"end":{"line":101,"column":4}}},"fnMap":{"0":{"name":"(anonymous_0)","decl":{"start":{"line":7,"column":21},"end":{"line":7,"column":22}},"loc":{"start":{"line":7,"column":28},"end":{"line":22,"column":3}},"line":7},"1":{"name":"(anonymous_1)","decl":{"start":{"line":24,"column":15},"end":{"line":24,"column":16}},"loc":{"start":{"line":24,"column":25},"end":{"line":102,"column":1}},"line":24}},"branchMap":{"0":{"loc":{"start":{"line":79,"column":9},"end":{"line":89,"column":9}},"type":"cond-expr","locations":[{"start":{"line":79,"column":38},"end":{"line":84,"column":8}},{"start":{"line":84,"column":13},"end":{"line":89,"column":8}}],"line":79},"1":{"loc":{"start":{"line":92,"column":8},"end":{"line":97,"column":13}},"type":"cond-expr","locations":[{"start":{"line":92,"column":37},"end":{"line":97,"column":7}},{"start":{"line":97,"column":11},"end":{"line":97,"column":13}}],"line":92}},"s":{"0":8,"1":9,"2":9},"f":{"0":9,"1":9},"b":{"0":[6,3],"1":[6,3]},"_coverageSchema":"1a1c01bbd47fc00a2c39e90264f33305004495a9","hash":"557eba8a50e96d3766d17195e2d0a8d6a020e1da"}
,"/Users/dev/p9-OCR/YixuanWANG_P9_11052022_Billed_App/src/views/DashboardUI.js": {"path":"/Users/dev/p9-OCR/YixuanWANG_P9_11052022_Billed_App/src/views/DashboardUI.js","statementMap":{"0":{"start":{"line":10,"column":2},"end":{"line":14,"column":3}},"1":{"start":{"line":11,"column":4},"end":{"line":11,"column":24}},"2":{"start":{"line":12,"column":9},"end":{"line":14,"column":3}},"3":{"start":{"line":13,"column":4},"end":{"line":13,"column":27}},"4":{"start":{"line":16,"column":2},"end":{"line":48,"column":3}}},"fnMap":{"0":{"name":"(anonymous_0)","decl":{"start":{"line":8,"column":15},"end":{"line":8,"column":16}},"loc":{"start":{"line":8,"column":45},"end":{"line":49,"column":1}},"line":8}},"branchMap":{"0":{"loc":{"start":{"line":10,"column":2},"end":{"line":14,"column":3}},"type":"if","locations":[{"start":{"line":10,"column":2},"end":{"line":14,"column":3}},{"start":{"line":10,"column":2},"end":{"line":14,"column":3}}],"line":10},"1":{"loc":{"start":{"line":12,"column":9},"end":{"line":14,"column":3}},"type":"if","locations":[{"start":{"line":12,"column":9},"end":{"line":14,"column":3}},{"start":{"line":12,"column":9},"end":{"line":14,"column":3}}],"line":12},"2":{"loc":{"start":{"line":22,"column":45},"end":{"line":22,"column":63}},"type":"binary-expr","locations":[{"start":{"line":22,"column":45},"end":{"line":22,"column":49}},{"start":{"line":22,"column":53},"end":{"line":22,"column":63}}],"line":22},"3":{"loc":{"start":{"line":29,"column":43},"end":{"line":29,"column":61}},"type":"binary-expr","locations":[{"start":{"line":29,"column":43},"end":{"line":29,"column":47}},{"start":{"line":29,"column":51},"end":{"line":29,"column":61}}],"line":29},"4":{"loc":{"start":{"line":36,"column":43},"end":{"line":36,"column":61}},"type":"binary-expr","locations":[{"start":{"line":36,"column":43},"end":{"line":36,"column":47}},{"start":{"line":36,"column":51},"end":{"line":36,"column":61}}],"line":36}},"s":{"0":20,"1":6,"2":14,"3":3,"4":11},"f":{"0":20},"b":{"0":[6,14],"1":[3,11],"2":[11,6],"3":[11,6],"4":[11,6]},"_coverageSchema":"1a1c01bbd47fc00a2c39e90264f33305004495a9","hash":"ccc6ec6744484be68341622199c98b2cb022fab4"}
,"/Users/dev/p9-OCR/YixuanWANG_P9_11052022_Billed_App/src/views/ErrorPage.js": {"path":"/Users/dev/p9-OCR/YixuanWANG_P9_11052022_Billed_App/src/views/ErrorPage.js","statementMap":{"0":{"start":{"line":4,"column":2},"end":{"line":15,"column":3}}},"fnMap":{"0":{"name":"(anonymous_0)","decl":{"start":{"line":3,"column":15},"end":{"line":3,"column":16}},"loc":{"start":{"line":3,"column":26},"end":{"line":16,"column":1}},"line":3}},"branchMap":{"0":{"loc":{"start":{"line":12,"column":12},"end":{"line":12,"column":30}},"type":"cond-expr","locations":[{"start":{"line":12,"column":20},"end":{"line":12,"column":25}},{"start":{"line":12,"column":28},"end":{"line":12,"column":30}}],"line":12}},"s":{"0":12},"f":{"0":12},"b":{"0":[10,2]},"_coverageSchema":"1a1c01bbd47fc00a2c39e90264f33305004495a9","hash":"b48096c80ecad562194ba472c0a9bfc86884fad6"}
,"/Users/dev/p9-OCR/YixuanWANG_P9_11052022_Billed_App/src/views/LoadingPage.js": {"path":"/Users/dev/p9-OCR/YixuanWANG_P9_11052022_Billed_App/src/views/LoadingPage.js","statementMap":{"0":{"start":{"line":5,"column":2},"end":{"line":12,"column":3}}},"fnMap":{"0":{"name":"(anonymous_0)","decl":{"start":{"line":3,"column":15},"end":{"line":3,"column":16}},"loc":{"start":{"line":3,"column":21},"end":{"line":13,"column":1}},"line":3}},"branchMap":{},"s":{"0":14},"f":{"0":14},"b":{},"_coverageSchema":"1a1c01bbd47fc00a2c39e90264f33305004495a9","hash":"655da2b03751d2b5fc07ea5587bff74b6e525073"}
,"/Users/dev/p9-OCR/YixuanWANG_P9_11052022_Billed_App/src/views/LoginUI.js": {"path":"/Users/dev/p9-OCR/YixuanWANG_P9_11052022_Billed_App/src/views/LoginUI.js","statementMap":{"0":{"start":{"line":4,"column":2},"end":{"line":46,"column":4}}},"fnMap":{"0":{"name":"(anonymous_0)","decl":{"start":{"line":2,"column":15},"end":{"line":2,"column":16}},"loc":{"start":{"line":2,"column":21},"end":{"line":47,"column":1}},"line":2}},"branchMap":{},"s":{"0":19},"f":{"0":19},"b":{},"_coverageSchema":"1a1c01bbd47fc00a2c39e90264f33305004495a9","hash":"f21efc83c82466fa86282a19570f4cd4d6130693"}
,"/Users/dev/p9-OCR/YixuanWANG_P9_11052022_Billed_App/src/views/NewBillUI.js": {"path":"/Users/dev/p9-OCR/YixuanWANG_P9_11052022_Billed_App/src/views/NewBillUI.js","statementMap":{"0":{"start":{"line":5,"column":2},"end":{"line":73,"column":4}}},"fnMap":{"0":{"name":"(anonymous_0)","decl":{"start":{"line":3,"column":15},"end":{"line":3,"column":16}},"loc":{"start":{"line":3,"column":21},"end":{"line":74,"column":1}},"line":3}},"branchMap":{},"s":{"0":7},"f":{"0":7},"b":{},"_coverageSchema":"1a1c01bbd47fc00a2c39e90264f33305004495a9","hash":"60ba120b6c416c2c8c5aef79f2b4d9807f58caaf"}
,"/Users/dev/p9-OCR/YixuanWANG_P9_11052022_Billed_App/src/views/VerticalLayout.js": {"path":"/Users/dev/p9-OCR/YixuanWANG_P9_11052022_Billed_App/src/views/VerticalLayout.js","statementMap":{"0":{"start":{"line":7,"column":4},"end":{"line":7,"column":51}},"1":{"start":{"line":8,"column":4},"end":{"line":10,"column":5}},"2":{"start":{"line":9,"column":6},"end":{"line":9,"column":29}},"3":{"start":{"line":11,"column":4},"end":{"line":39,"column":5}},"4":{"start":{"line":12,"column":6},"end":{"line":27,"column":7}},"5":{"start":{"line":29,"column":6},"end":{"line":38,"column":7}}},"fnMap":{"0":{"name":"(anonymous_0)","decl":{"start":{"line":5,"column":15},"end":{"line":5,"column":16}},"loc":{"start":{"line":5,"column":27},"end":{"line":40,"column":1}},"line":5}},"branchMap":{"0":{"loc":{"start":{"line":8,"column":4},"end":{"line":10,"column":5}},"type":"if","locations":[{"start":{"line":8,"column":4},"end":{"line":10,"column":5}},{"start":{"line":8,"column":4},"end":{"line":10,"column":5}}],"line":8},"1":{"loc":{"start":{"line":11,"column":4},"end":{"line":39,"column":5}},"type":"if","locations":[{"start":{"line":11,"column":4},"end":{"line":39,"column":5}},{"start":{"line":11,"column":4},"end":{"line":39,"column":5}}],"line":11},"2":{"loc":{"start":{"line":11,"column":8},"end":{"line":11,"column":40}},"type":"binary-expr","locations":[{"start":{"line":11,"column":8},"end":{"line":11,"column":12}},{"start":{"line":11,"column":16},"end":{"line":11,"column":40}}],"line":11}},"s":{"0":57,"1":57,"2":41,"3":57,"4":28,"5":29},"f":{"0":57},"b":{"0":[41,16],"1":[28,29],"2":[57,43]},"_coverageSchema":"1a1c01bbd47fc00a2c39e90264f33305004495a9","hash":"f8bcb09be43963aa414240d68ab2696f5a1bb2ae"}
}
