TN:
SF:src/constants/routes.js
FN:13,(anonymous_0)
FNF:1
FNH:1
FNDA:32,(anonymous_0)
DA:6,6
DA:13,6
DA:14,32
DA:16,6
DA:18,9
DA:20,3
DA:22,12
DA:24,2
LF:8
LH:8
BRDA:14,0,0,6
BRDA:14,0,1,9
BRDA:14,0,2,3
BRDA:14,0,3,12
BRDA:14,0,4,2
BRF:5
BRH:5
end_of_record
TN:
SF:src/constants/usersTest.js
FNF:0
FNH:0
LF:0
LH:0
BRF:0
BRH:0
end_of_record
TN:
SF:src/containers/Bills.js
FN:6,(anonymous_0)
FN:17,(anonymous_1)
FN:18,(anonymous_2)
FN:23,(anonymous_3)
FN:27,(anonymous_4)
FN:38,(anonymous_5)
FN:43,(anonymous_6)
FN:44,(anonymous_7)
FNF:8
FNH:4
FNDA:3,(anonymous_0)
FNDA:4,(anonymous_1)
FNDA:0,(anonymous_2)
FNDA:2,(anonymous_3)
FNDA:0,(anonymous_4)
FNDA:2,(anonymous_5)
FNDA:0,(anonymous_6)
FNDA:0,(anonymous_7)
DA:7,3
DA:8,3
DA:9,3
DA:10,3
DA:13,3
DA:14,1
DA:15,3
DA:16,3
DA:17,3
DA:18,4
DA:20,3
DA:23,3
DA:24,2
DA:27,3
DA:28,0
DA:29,0
DA:30,0
DA:35,0
DA:38,3
DA:39,2
DA:40,2
DA:44,0
DA:45,0
DA:46,0
DA:54,0
DA:55,0
DA:62,0
DA:63,0
DA:64,0
LF:29
LH:17
BRDA:13,0,0,1
BRDA:13,0,1,2
BRDA:16,1,0,3
BRDA:16,1,1,0
BRDA:39,2,0,2
BRDA:39,2,1,0
BRF:6
BRH:4
end_of_record
TN:
SF:src/containers/Dashboard.js
FN:8,(anonymous_0)
FN:11,(anonymous_1)
FN:31,(anonymous_2)
FN:60,(anonymous_3)
FN:61,(anonymous_4)
FN:64,(anonymous_5)
FN:76,(anonymous_6)
FN:80,(anonymous_7)
FN:81,(anonymous_8)
FN:82,(anonymous_9)
FN:86,(anonymous_10)
FN:98,(anonymous_11)
FN:102,(anonymous_12)
FN:119,(anonymous_13)
FN:120,(anonymous_14)
FN:123,(anonymous_15)
FN:133,(anonymous_16)
FN:143,(anonymous_17)
FN:158,(anonymous_18)
FN:159,(anonymous_19)
FN:167,(anonymous_20)
FN:172,(anonymous_21)
FN:173,(anonymous_22)
FN:181,(anonymous_23)
FNF:24
FNH:19
FNDA:44,(anonymous_0)
FNDA:104,(anonymous_1)
FNDA:6,(anonymous_2)
FNDA:6,(anonymous_3)
FNDA:6,(anonymous_4)
FNDA:5,(anonymous_5)
FNDA:14,(anonymous_6)
FNDA:0,(anonymous_7)
FNDA:0,(anonymous_8)
FNDA:0,(anonymous_9)
FNDA:1,(anonymous_10)
FNDA:3,(anonymous_11)
FNDA:12,(anonymous_12)
FNDA:0,(anonymous_13)
FNDA:0,(anonymous_14)
FNDA:1,(anonymous_15)
FNDA:1,(anonymous_16)
FNDA:5,(anonymous_17)
FNDA:20,(anonymous_18)
FNDA:3,(anonymous_19)
FNDA:5,(anonymous_20)
FNDA:3,(anonymous_21)
FNDA:12,(anonymous_22)
FNDA:2,(anonymous_23)
DA:8,6
DA:9,44
DA:10,44
DA:15,104
DA:16,104
DA:21,0
DA:26,104
DA:31,6
DA:32,6
DA:33,6
DA:36,6
DA:40,6
DA:60,6
DA:61,6
DA:64,6
DA:65,5
DA:67,3
DA:69,1
DA:71,1
DA:77,14
DA:78,14
DA:79,14
DA:80,14
DA:81,14
DA:82,14
DA:83,14
DA:86,14
DA:87,1
DA:88,1
DA:89,1
DA:94,1
DA:95,0
DA:99,3
DA:100,3
DA:101,3
DA:102,3
DA:103,12
DA:105,3
DA:106,3
DA:107,3
DA:110,0
DA:112,0
DA:115,0
DA:116,0
DA:118,3
DA:119,3
DA:120,3
DA:123,14
DA:124,1
DA:129,1
DA:130,1
DA:133,14
DA:134,1
DA:139,1
DA:140,1
DA:144,5
DA:145,5
DA:146,5
DA:147,5
DA:148,5
DA:151,5
DA:153,0
DA:154,0
DA:155,0
DA:158,5
DA:159,20
DA:160,3
DA:164,5
DA:167,14
DA:168,5
DA:169,5
DA:173,12
DA:179,3
DA:182,2
LF:74
LH:65
BRDA:10,0,0,26
BRDA:10,0,1,18
BRDA:10,1,0,44
BRDA:10,1,1,26
BRDA:15,2,0,104
BRDA:15,2,1,0
BRDA:22,3,0,0
BRDA:22,3,1,0
BRDA:33,4,0,0
BRDA:33,4,1,6
BRDA:36,5,0,0
BRDA:36,5,1,6
BRDA:61,6,0,5
BRDA:61,6,1,1
BRDA:61,7,0,6
BRDA:61,7,1,6
BRDA:65,8,0,3
BRDA:65,8,1,1
BRDA:65,8,2,1
BRDA:94,9,0,0
BRDA:94,9,1,1
BRDA:99,10,0,2
BRDA:99,10,1,1
BRDA:99,11,0,3
BRDA:99,11,1,3
BRDA:100,12,0,2
BRDA:100,12,1,1
BRDA:100,13,0,3
BRDA:100,13,1,1
BRDA:101,14,0,3
BRDA:101,14,1,0
BRDA:144,15,0,5
BRDA:144,15,1,0
BRDA:144,16,0,5
BRDA:144,16,1,2
BRDA:145,17,0,5
BRDA:145,17,1,0
BRDA:145,18,0,5
BRDA:145,18,1,2
BRDA:146,19,0,5
BRDA:146,19,1,0
BRDA:168,20,0,5
BRDA:168,20,1,0
BRF:43
BRH:32
end_of_record
TN:
SF:src/containers/Login.js
FN:7,(anonymous_0)
FN:18,(anonymous_1)
FN:29,(anonymous_2)
FN:31,(anonymous_3)
FN:40,(anonymous_4)
FN:51,(anonymous_5)
FN:53,(anonymous_6)
FN:62,(anonymous_7)
FN:68,(anonymous_8)
FN:77,(anonymous_9)
FN:87,(anonymous_10)
FNF:11
FNH:5
FNDA:3,(anonymous_0)
FNDA:2,(anonymous_1)
FNDA:0,(anonymous_2)
FNDA:2,(anonymous_3)
FNDA:2,(anonymous_4)
FNDA:0,(anonymous_5)
FNDA:2,(anonymous_6)
FNDA:0,(anonymous_7)
FNDA:0,(anonymous_8)
FNDA:0,(anonymous_9)
FNDA:0,(anonymous_10)
DA:3,3
DA:8,3
DA:9,3
DA:10,3
DA:11,3
DA:12,3
DA:13,3
DA:14,3
DA:15,3
DA:16,3
DA:18,3
DA:19,2
DA:20,2
DA:26,2
DA:27,2
DA:29,0
DA:32,2
DA:33,2
DA:34,2
DA:35,2
DA:40,3
DA:41,2
DA:42,2
DA:48,2
DA:49,2
DA:51,0
DA:54,2
DA:55,2
DA:56,2
DA:57,2
DA:62,3
DA:63,0
DA:64,0
DA:69,0
DA:72,0
DA:77,3
DA:78,0
DA:79,0
DA:88,0
DA:89,0
DA:92,0
LF:41
LH:30
BRDA:63,0,0,0
BRDA:63,0,1,0
BRDA:78,1,0,0
BRDA:78,1,1,0
BRF:4
BRH:0
end_of_record
TN:
SF:src/containers/Logout.js
FN:4,(anonymous_0)
FN:11,(anonymous_1)
FNF:2
FNH:2
FNDA:20,(anonymous_0)
FNDA:2,(anonymous_1)
DA:5,20
DA:6,20
DA:7,20
DA:8,20
DA:11,20
DA:12,2
DA:13,2
LF:7
LH:7
BRF:0
BRH:0
end_of_record
TN:
SF:src/containers/NewBill.js
FN:5,(anonymous_0)
FN:18,(anonymous_1)
FN:36,(anonymous_2)
FN:41,(anonymous_3)
FN:43,(anonymous_4)
FN:65,(anonymous_5)
FN:70,(anonymous_6)
FN:73,(anonymous_7)
FNF:8
FNH:5
FNDA:2,(anonymous_0)
FNDA:2,(anonymous_1)
FNDA:2,(anonymous_2)
FNDA:0,(anonymous_3)
FNDA:2,(anonymous_4)
FNDA:2,(anonymous_5)
FNDA:0,(anonymous_6)
FNDA:0,(anonymous_7)
DA:6,2
DA:7,2
DA:8,2
DA:9,2
DA:10,2
DA:11,2
DA:12,2
DA:13,2
DA:14,2
DA:15,2
DA:16,2
DA:18,2
DA:19,2
DA:20,2
DA:21,2
DA:22,2
DA:23,2
DA:24,2
DA:25,2
DA:26,2
DA:28,2
DA:37,2
DA:38,2
DA:39,2
DA:40,2
DA:41,0
DA:43,2
DA:44,2
DA:45,2
DA:46,2
DA:47,2
DA:60,2
DA:61,2
DA:65,2
DA:66,2
DA:67,0
DA:71,0
DA:73,0
LF:38
LH:34
BRDA:54,0,0,2
BRDA:54,0,1,2
BRDA:66,1,0,0
BRDA:66,1,1,2
BRF:4
BRH:3
end_of_record
TN:
SF:src/views/Actions.js
FN:4,(anonymous_0)
FNF:1
FNH:1
FNDA:14,(anonymous_0)
DA:5,14
LF:1
LH:1
BRF:0
BRH:0
end_of_record
TN:
SF:src/views/BillsUI.js
FN:7,(anonymous_0)
FN:23,(anonymous_1)
FN:29,(anonymous_2)
FN:32,(anonymous_3)
FN:35,(anonymous_4)
FN:37,(anonymous_5)
FNF:6
FNH:6
FNDA:12,(anonymous_0)
FNDA:8,(anonymous_1)
FNDA:12,(anonymous_2)
FNDA:12,(anonymous_3)
FNDA:12,(anonymous_4)
FNDA:8,(anonymous_5)
DA:7,6
DA:9,12
DA:23,6
DA:29,12
DA:35,12
DA:37,12
DA:54,12
DA:55,2
DA:56,10
DA:57,2
DA:60,8
LF:11
LH:11
BRDA:29,0,0,3
BRDA:29,0,1,5
BRDA:29,1,0,8
BRDA:29,1,1,4
BRDA:35,2,0,12
BRDA:35,2,1,4
BRDA:35,3,0,9
BRDA:35,3,1,3
BRDA:54,4,0,2
BRDA:54,4,1,10
BRDA:56,5,0,2
BRDA:56,5,1,8
BRF:12
BRH:12
end_of_record
TN:
SF:src/views/DashboardFormUI.js
FN:7,(anonymous_0)
FN:24,(anonymous_1)
FNF:2
FNH:2
FNDA:10,(anonymous_0)
FNDA:10,(anonymous_1)
DA:7,10
DA:26,10
LF:2
LH:2
BRDA:79,0,0,7
BRDA:79,0,1,3
BRDA:92,1,0,7
BRDA:92,1,1,3
BRF:4
BRH:4
end_of_record
TN:
SF:src/views/DashboardUI.js
FN:8,(anonymous_0)
FNF:1
FNH:1
FNDA:21,(anonymous_0)
DA:10,21
DA:11,6
DA:12,15
DA:13,3
DA:16,12
LF:5
LH:5
BRDA:10,0,0,6
BRDA:10,0,1,15
BRDA:12,1,0,3
BRDA:12,1,1,12
BRDA:22,2,0,12
BRDA:22,2,1,7
BRDA:29,3,0,12
BRDA:29,3,1,7
BRDA:36,4,0,12
BRDA:36,4,1,7
BRF:10
BRH:10
end_of_record
TN:
SF:src/views/ErrorPage.js
FN:3,(anonymous_0)
FNF:1
FNH:1
FNDA:7,(anonymous_0)
DA:4,7
LF:1
LH:1
BRDA:12,0,0,6
BRDA:12,0,1,1
BRF:2
BRH:2
end_of_record
TN:
SF:src/views/LoadingPage.js
FN:3,(anonymous_0)
FNF:1
FNH:1
FNDA:9,(anonymous_0)
DA:5,9
LF:1
LH:1
BRF:0
BRH:0
end_of_record
TN:
SF:src/views/LoginUI.js
FN:2,(anonymous_0)
FNF:1
FNH:1
FNDA:14,(anonymous_0)
DA:4,14
LF:1
LH:1
BRF:0
BRH:0
end_of_record
TN:
SF:src/views/NewBillUI.js
FN:3,(anonymous_0)
FNF:1
FNH:1
FNDA:5,(anonymous_0)
DA:5,5
LF:1
LH:1
BRF:0
BRH:0
end_of_record
TN:
SF:src/views/VerticalLayout.js
FN:5,(anonymous_0)
FNF:1
FNH:1
FNDA:43,(anonymous_0)
DA:7,43
DA:8,43
DA:9,31
DA:11,43
DA:12,15
DA:29,28
LF:6
LH:6
BRDA:8,0,0,31
BRDA:8,0,1,12
BRDA:11,1,0,15
BRDA:11,1,1,28
BRDA:11,2,0,43
BRDA:11,2,1,31
BRF:6
BRH:6
end_of_record
