TN:
SF:src/constants/routes.js
FN:13,(anonymous_0)
FNF:1
FNH:1
FNDA:44,(anonymous_0)
DA:6,7
DA:13,7
DA:14,44
DA:16,11
DA:18,14
DA:20,5
DA:22,12
DA:24,2
LF:8
LH:8
BRDA:14,0,0,11
BRDA:14,0,1,14
BRDA:14,0,2,5
BRDA:14,0,3,12
BRDA:14,0,4,2
BRF:5
BRH:5
end_of_record
TN:
SF:src/constants/usersTest.js
FNF:0
FNH:0
LF:0
LH:0
BRF:0
BRH:0
end_of_record
TN:
SF:src/containers/Bills.js
FN:6,(anonymous_0)
FN:17,(anonymous_1)
FN:18,(anonymous_2)
FN:23,(anonymous_3)
FN:27,(anonymous_4)
FN:38,(anonymous_5)
FN:43,(anonymous_6)
FN:44,(anonymous_7)
FNF:8
FNH:8
FNDA:11,(anonymous_0)
FNDA:16,(anonymous_1)
FNDA:4,(anonymous_2)
FNDA:1,(anonymous_3)
FNDA:8,(anonymous_4)
FNDA:6,(anonymous_5)
FNDA:3,(anonymous_6)
FNDA:12,(anonymous_7)
DA:7,11
DA:8,11
DA:9,11
DA:10,11
DA:13,11
DA:14,4
DA:15,11
DA:16,11
DA:17,11
DA:18,16
DA:20,11
DA:23,11
DA:24,1
DA:27,11
DA:28,8
DA:29,8
DA:30,8
DA:35,8
DA:38,11
DA:39,6
DA:40,6
DA:44,3
DA:45,12
DA:46,12
DA:54,0
DA:55,0
DA:64,3
LF:27
LH:25
BRDA:13,0,0,4
BRDA:13,0,1,7
BRDA:16,1,0,11
BRDA:16,1,1,0
BRDA:39,2,0,6
BRDA:39,2,1,0
BRF:6
BRH:4
end_of_record
TN:
SF:src/containers/Dashboard.js
FN:8,(anonymous_0)
FN:11,(anonymous_1)
FN:31,(anonymous_2)
FN:60,(anonymous_3)
FN:61,(anonymous_4)
FN:64,(anonymous_5)
FN:76,(anonymous_6)
FN:80,(anonymous_7)
FN:81,(anonymous_8)
FN:82,(anonymous_9)
FN:86,(anonymous_10)
FN:98,(anonymous_11)
FN:102,(anonymous_12)
FN:119,(anonymous_13)
FN:120,(anonymous_14)
FN:123,(anonymous_15)
FN:133,(anonymous_16)
FN:143,(anonymous_17)
FN:158,(anonymous_18)
FN:159,(anonymous_19)
FN:167,(anonymous_20)
FN:172,(anonymous_21)
FN:173,(anonymous_22)
FN:181,(anonymous_23)
FNF:24
FNH:19
FNDA:40,(anonymous_0)
FNDA:88,(anonymous_1)
FNDA:5,(anonymous_2)
FNDA:5,(anonymous_3)
FNDA:5,(anonymous_4)
FNDA:4,(anonymous_5)
FNDA:13,(anonymous_6)
FNDA:0,(anonymous_7)
FNDA:0,(anonymous_8)
FNDA:0,(anonymous_9)
FNDA:1,(anonymous_10)
FNDA:2,(anonymous_11)
FNDA:8,(anonymous_12)
FNDA:0,(anonymous_13)
FNDA:0,(anonymous_14)
FNDA:1,(anonymous_15)
FNDA:1,(anonymous_16)
FNDA:4,(anonymous_17)
FNDA:16,(anonymous_18)
FNDA:1,(anonymous_19)
FNDA:5,(anonymous_20)
FNDA:3,(anonymous_21)
FNDA:12,(anonymous_22)
FNDA:2,(anonymous_23)
DA:8,7
DA:9,40
DA:10,40
DA:15,88
DA:16,88
DA:21,0
DA:26,88
DA:31,7
DA:32,5
DA:33,5
DA:36,5
DA:40,5
DA:60,7
DA:61,5
DA:64,7
DA:65,4
DA:67,2
DA:69,1
DA:71,1
DA:77,13
DA:78,13
DA:79,13
DA:80,13
DA:81,13
DA:82,13
DA:83,13
DA:86,13
DA:87,1
DA:88,1
DA:89,1
DA:94,1
DA:95,0
DA:99,2
DA:100,2
DA:101,2
DA:102,2
DA:103,8
DA:105,2
DA:106,2
DA:107,2
DA:110,0
DA:112,0
DA:115,0
DA:116,0
DA:118,2
DA:119,2
DA:120,2
DA:123,13
DA:124,1
DA:129,1
DA:130,1
DA:133,13
DA:134,1
DA:139,1
DA:140,1
DA:144,4
DA:145,4
DA:146,4
DA:147,4
DA:148,4
DA:151,4
DA:153,0
DA:154,0
DA:155,0
DA:158,4
DA:159,16
DA:160,1
DA:164,4
DA:167,13
DA:168,5
DA:169,5
DA:173,12
DA:179,3
DA:182,2
LF:74
LH:65
BRDA:10,0,0,22
BRDA:10,0,1,18
BRDA:10,1,0,40
BRDA:10,1,1,22
BRDA:15,2,0,88
BRDA:15,2,1,0
BRDA:22,3,0,0
BRDA:22,3,1,0
BRDA:33,4,0,0
BRDA:33,4,1,5
BRDA:36,5,0,0
BRDA:36,5,1,5
BRDA:61,6,0,4
BRDA:61,6,1,1
BRDA:61,7,0,5
BRDA:61,7,1,5
BRDA:65,8,0,2
BRDA:65,8,1,1
BRDA:65,8,2,1
BRDA:94,9,0,0
BRDA:94,9,1,1
BRDA:99,10,0,1
BRDA:99,10,1,1
BRDA:99,11,0,2
BRDA:99,11,1,2
BRDA:100,12,0,1
BRDA:100,12,1,1
BRDA:100,13,0,2
BRDA:100,13,1,1
BRDA:101,14,0,2
BRDA:101,14,1,0
BRDA:144,15,0,4
BRDA:144,15,1,0
BRDA:144,16,0,4
BRDA:144,16,1,2
BRDA:145,17,0,4
BRDA:145,17,1,0
BRDA:145,18,0,4
BRDA:145,18,1,2
BRDA:146,19,0,4
BRDA:146,19,1,0
BRDA:168,20,0,5
BRDA:168,20,1,0
BRF:43
BRH:32
end_of_record
TN:
SF:src/containers/Login.js
FN:6,(anonymous_0)
FN:27,(anonymous_1)
FN:40,(anonymous_2)
FN:41,(anonymous_3)
FN:49,(anonymous_4)
FN:62,(anonymous_5)
FN:63,(anonymous_6)
FN:72,(anonymous_7)
FN:81,(anonymous_8)
FN:90,(anonymous_9)
FN:102,(anonymous_10)
FNF:11
FNH:5
FNDA:5,(anonymous_0)
FNDA:2,(anonymous_1)
FNDA:0,(anonymous_2)
FNDA:2,(anonymous_3)
FNDA:2,(anonymous_4)
FNDA:0,(anonymous_5)
FNDA:2,(anonymous_6)
FNDA:0,(anonymous_7)
FNDA:0,(anonymous_8)
FNDA:0,(anonymous_9)
FNDA:0,(anonymous_10)
DA:2,5
DA:13,5
DA:14,5
DA:15,5
DA:16,5
DA:17,5
DA:18,5
DA:21,5
DA:22,5
DA:25,5
DA:27,5
DA:28,2
DA:29,2
DA:38,2
DA:39,2
DA:40,0
DA:42,2
DA:43,2
DA:44,2
DA:45,2
DA:49,5
DA:50,2
DA:51,2
DA:60,2
DA:61,2
DA:62,0
DA:64,2
DA:65,2
DA:66,2
DA:67,2
DA:72,5
DA:73,0
DA:74,0
DA:82,0
DA:85,0
DA:90,5
DA:91,0
DA:92,0
DA:103,0
DA:104,0
DA:107,0
LF:41
LH:30
BRDA:73,0,0,0
BRDA:73,0,1,0
BRDA:91,1,0,0
BRDA:91,1,1,0
BRF:4
BRH:0
end_of_record
TN:
SF:src/containers/Logout.js
FN:4,(anonymous_0)
FN:11,(anonymous_1)
FNF:2
FNH:2
FNDA:30,(anonymous_0)
FNDA:2,(anonymous_1)
DA:5,30
DA:6,30
DA:7,30
DA:8,30
DA:11,30
DA:12,2
DA:13,2
LF:7
LH:7
BRF:0
BRH:0
end_of_record
TN:
SF:src/containers/NewBill.js
FN:5,(anonymous_0)
FN:18,(anonymous_1)
FN:36,(anonymous_2)
FN:41,(anonymous_3)
FN:43,(anonymous_4)
FN:65,(anonymous_5)
FN:70,(anonymous_6)
FN:73,(anonymous_7)
FNF:8
FNH:5
FNDA:5,(anonymous_0)
FNDA:2,(anonymous_1)
FNDA:2,(anonymous_2)
FNDA:0,(anonymous_3)
FNDA:2,(anonymous_4)
FNDA:2,(anonymous_5)
FNDA:0,(anonymous_6)
FNDA:0,(anonymous_7)
DA:6,5
DA:7,5
DA:8,5
DA:9,5
DA:10,5
DA:11,5
DA:12,5
DA:13,5
DA:14,5
DA:15,5
DA:16,5
DA:18,5
DA:19,2
DA:20,2
DA:21,2
DA:22,2
DA:23,2
DA:24,2
DA:25,2
DA:26,2
DA:28,2
DA:37,2
DA:38,2
DA:39,2
DA:40,2
DA:41,0
DA:43,5
DA:44,2
DA:45,2
DA:46,2
DA:47,2
DA:60,2
DA:61,2
DA:65,5
DA:66,2
DA:67,0
DA:71,0
DA:73,0
LF:38
LH:34
BRDA:54,0,0,2
BRDA:54,0,1,2
BRDA:66,1,0,0
BRDA:66,1,1,2
BRF:4
BRH:3
end_of_record
TN:
SF:src/views/Actions.js
FN:4,(anonymous_0)
FNF:1
FNH:1
FNDA:22,(anonymous_0)
DA:5,22
LF:1
LH:1
BRF:0
BRH:0
end_of_record
TN:
SF:src/views/BillsUI.js
FN:7,(anonymous_0)
FN:22,(anonymous_1)
FN:23,(anonymous_2)
FN:26,(anonymous_3)
FN:28,(anonymous_4)
FN:53,(anonymous_5)
FNF:6
FNH:6
FNDA:20,(anonymous_0)
FNDA:11,(anonymous_1)
FNDA:20,(anonymous_2)
FNDA:24,(anonymous_3)
FNDA:30,(anonymous_4)
FNDA:11,(anonymous_5)
DA:7,8
DA:9,20
DA:22,8
DA:23,20
DA:28,30
DA:53,24
DA:70,24
DA:71,7
DA:72,17
DA:73,6
DA:76,11
LF:11
LH:11
BRDA:23,0,0,5
BRDA:23,0,1,6
BRDA:23,1,0,11
BRDA:23,1,1,7
BRDA:28,2,0,24
BRDA:28,2,1,9
BRDA:28,3,0,24
BRDA:28,3,1,6
BRDA:70,4,0,7
BRDA:70,4,1,17
BRDA:72,5,0,6
BRDA:72,5,1,11
BRF:12
BRH:12
end_of_record
TN:
SF:src/views/DashboardFormUI.js
FN:7,(anonymous_0)
FN:24,(anonymous_1)
FNF:2
FNH:2
FNDA:9,(anonymous_0)
FNDA:9,(anonymous_1)
DA:7,9
DA:26,9
LF:2
LH:2
BRDA:79,0,0,6
BRDA:79,0,1,3
BRDA:92,1,0,6
BRDA:92,1,1,3
BRF:4
BRH:4
end_of_record
TN:
SF:src/views/DashboardUI.js
FN:8,(anonymous_0)
FNF:1
FNH:1
FNDA:20,(anonymous_0)
DA:10,20
DA:11,6
DA:12,14
DA:13,3
DA:16,11
LF:5
LH:5
BRDA:10,0,0,6
BRDA:10,0,1,14
BRDA:12,1,0,3
BRDA:12,1,1,11
BRDA:22,2,0,11
BRDA:22,2,1,6
BRDA:29,3,0,11
BRDA:29,3,1,6
BRDA:36,4,0,11
BRDA:36,4,1,6
BRF:10
BRH:10
end_of_record
TN:
SF:src/views/ErrorPage.js
FN:3,(anonymous_0)
FNF:1
FNH:1
FNDA:12,(anonymous_0)
DA:4,12
LF:1
LH:1
BRDA:12,0,0,10
BRDA:12,0,1,2
BRF:2
BRH:2
end_of_record
TN:
SF:src/views/LoadingPage.js
FN:3,(anonymous_0)
FNF:1
FNH:1
FNDA:14,(anonymous_0)
DA:5,14
LF:1
LH:1
BRF:0
BRH:0
end_of_record
TN:
SF:src/views/LoginUI.js
FN:2,(anonymous_0)
FNF:1
FNH:1
FNDA:19,(anonymous_0)
DA:4,19
LF:1
LH:1
BRF:0
BRH:0
end_of_record
TN:
SF:src/views/NewBillUI.js
FN:3,(anonymous_0)
FNF:1
FNH:1
FNDA:7,(anonymous_0)
DA:5,7
LF:1
LH:1
BRF:0
BRH:0
end_of_record
TN:
SF:src/views/VerticalLayout.js
FN:5,(anonymous_0)
FNF:1
FNH:1
FNDA:57,(anonymous_0)
DA:7,57
DA:8,57
DA:9,41
DA:11,57
DA:12,28
DA:29,29
LF:6
LH:6
BRDA:8,0,0,41
BRDA:8,0,1,16
BRDA:11,1,0,28
BRDA:11,1,1,29
BRDA:11,2,0,57
BRDA:11,2,1,43
BRF:6
BRH:6
end_of_record
